[ 2013-11-15T16:45:01+08:00 ] 192.168.1.117 /tp/admin.php
INFO: [ app_begin ] --START--
INFO: ReadHtmlCache Behavior ::run [ RunTime:0.000000s ]
INFO: [ app_begin ] --END-- [ RunTime:0.000000s ]
NOTIC: [2048] Declaration of BaseAction::error() should be compatible with Action::error($message = '', $jumpUrl = '', $ajax = false) D:\xampp\htdocs\tp\admin\Lib\Action\BaseAction.class.php 第 268 行.
NOTIC: [2048] Declaration of BaseAction::success() should be compatible with Action::success($message = '', $jumpUrl = '', $ajax = false) D:\xampp\htdocs\tp\admin\Lib\Action\BaseAction.class.php 第 268 行.

[ 2013-11-15T16:45:01+08:00 ] 192.168.1.117 /tp/admin.php/Public/login.html
INFO: [ route_check ] --START--
INFO: CheckRoute Behavior ::run [ RunTime:0.000000s ]
INFO: [ route_check ] --END-- [ RunTime:0.000000s ]
INFO: [ app_begin ] --START--
INFO: ReadHtmlCache Behavior ::run [ RunTime:0.000000s ]
INFO: [ app_begin ] --END-- [ RunTime:0.000000s ]
NOTIC: [2048] Declaration of BaseAction::error() should be compatible with Action::error($message = '', $jumpUrl = '', $ajax = false) D:\xampp\htdocs\tp\admin\Lib\Action\BaseAction.class.php 第 268 行.
NOTIC: [2048] Declaration of BaseAction::success() should be compatible with Action::success($message = '', $jumpUrl = '', $ajax = false) D:\xampp\htdocs\tp\admin\Lib\Action\BaseAction.class.php 第 268 行.
NOTIC: [8] Undefined index: admin_info D:\xampp\htdocs\tp\admin\Lib\Action\BaseAction.class.php 第 72 行.
NOTIC: [8] Undefined index: admin_info D:\xampp\htdocs\tp\admin\Lib\Action\BaseAction.class.php 第 33 行.
SQL: SHOW COLUMNS FROM `thinkphp_role` [ RunTime:0.078125s ]
NOTIC: [8] Undefined index: admin_info D:\xampp\htdocs\tp\admin\Lib\Action\BaseAction.class.php 第 37 行.
SQL: SELECT `name`,`status`,`remark`,`create_time`,`update_time` FROM `thinkphp_role` WHERE ( id= ) LIMIT 1   [ RunTime:0.000000s ]
ERR: 1064:You have an error in your SQL syntax; check the manual that corresponds to your MySQL server version for the right syntax to use near ') LIMIT 1' at line 1
 [ SQL语句 ] : SELECT `name`,`status`,`remark`,`create_time`,`update_time` FROM `thinkphp_role` WHERE ( id= ) LIMIT 1  
SQL: SHOW COLUMNS FROM `thinkphp_group` [ RunTime:0.031250s ]
SQL: SELECT `id`,`title` FROM `thinkphp_group` WHERE ( status=1 ) ORDER BY sort ASC  [ RunTime:0.015625s ]
SQL: SHOW COLUMNS FROM `thinkphp_setting` [ RunTime:0.000000s ]
ERR: 1146:Table 'thinkphp.thinkphp_setting' doesn't exist
 [ SQL语句 ] : SHOW COLUMNS FROM `thinkphp_setting`
SQL: SELECT * FROM `thinkphp_setting`  [ RunTime:0.000000s ]
ERR: 1146:Table 'thinkphp.thinkphp_setting' doesn't exist
 [ SQL语句 ] : SELECT * FROM `thinkphp_setting` 
NOTIC: [2] Invalid argument supplied for foreach() D:\xampp\htdocs\tp\admin\Lib\Action\BaseAction.class.php 第 50 行.
NOTIC: [8] Undefined variable: set D:\xampp\htdocs\tp\admin\Lib\Action\BaseAction.class.php 第 53 行.
NOTIC: [8] Undefined index: iframe D:\xampp\htdocs\tp\admin\Lib\Action\BaseAction.class.php 第 58 行.
SQL: SHOW COLUMNS FROM `thinkphp_admin` [ RunTime:0.015625s ]
INFO: [ view_parse ] --START--
INFO: ParseTemplate Behavior ::run [ RunTime:0.015625s ]
INFO: [ view_parse ] --END-- [ RunTime:0.015625s ]
INFO: [ view_filter ] --START--
INFO: ContentReplace Behavior ::run [ RunTime:0.000000s ]
INFO: TokenBuild Behavior ::run [ RunTime:0.015625s ]
INFO: WriteHtmlCache Behavior ::run [ RunTime:0.000000s ]
INFO: ShowRuntime Behavior ::run [ RunTime:0.000000s ]
INFO: [ view_filter ] --END-- [ RunTime:0.015625s ]
INFO: [ view_end ] --START--
INFO: ShowPageTrace Behavior ::run [ RunTime:0.000000s ]
INFO: [ view_end ] --END-- [ RunTime:0.000000s ]

[ 2013-11-15T17:39:48+08:00 ] 192.168.1.117 /tp/admin.php
INFO: [ app_begin ] --START--
INFO: ReadHtmlCache Behavior ::run [ RunTime:0.000000s ]
INFO: [ app_begin ] --END-- [ RunTime:0.000000s ]
NOTIC: [2048] Declaration of BaseAction::error() should be compatible with Action::error($message = '', $jumpUrl = '', $ajax = false) D:\xampp\htdocs\tp\admin\Lib\Action\BaseAction.class.php 第 268 行.
NOTIC: [2048] Declaration of BaseAction::success() should be compatible with Action::success($message = '', $jumpUrl = '', $ajax = false) D:\xampp\htdocs\tp\admin\Lib\Action\BaseAction.class.php 第 268 行.

[ 2013-11-15T17:39:48+08:00 ] 192.168.1.117 /tp/admin.php/Public/login.html
INFO: [ route_check ] --START--
INFO: CheckRoute Behavior ::run [ RunTime:0.000000s ]
INFO: [ route_check ] --END-- [ RunTime:0.000000s ]
INFO: [ app_begin ] --START--
INFO: ReadHtmlCache Behavior ::run [ RunTime:0.000000s ]
INFO: [ app_begin ] --END-- [ RunTime:0.000000s ]
NOTIC: [2048] Declaration of BaseAction::error() should be compatible with Action::error($message = '', $jumpUrl = '', $ajax = false) D:\xampp\htdocs\tp\admin\Lib\Action\BaseAction.class.php 第 268 行.
NOTIC: [2048] Declaration of BaseAction::success() should be compatible with Action::success($message = '', $jumpUrl = '', $ajax = false) D:\xampp\htdocs\tp\admin\Lib\Action\BaseAction.class.php 第 268 行.
NOTIC: [8] Undefined index: admin_info D:\xampp\htdocs\tp\admin\Lib\Action\BaseAction.class.php 第 72 行.
NOTIC: [8] Undefined index: admin_info D:\xampp\htdocs\tp\admin\Lib\Action\BaseAction.class.php 第 33 行.
SQL: SHOW COLUMNS FROM `thinkphp_role` [ RunTime:0.062500s ]
NOTIC: [8] Undefined index: admin_info D:\xampp\htdocs\tp\admin\Lib\Action\BaseAction.class.php 第 37 行.
SQL: SELECT `name`,`status`,`remark`,`create_time`,`update_time` FROM `thinkphp_role` WHERE ( id= ) LIMIT 1   [ RunTime:0.000000s ]
ERR: 1064:You have an error in your SQL syntax; check the manual that corresponds to your MySQL server version for the right syntax to use near ') LIMIT 1' at line 1
 [ SQL语句 ] : SELECT `name`,`status`,`remark`,`create_time`,`update_time` FROM `thinkphp_role` WHERE ( id= ) LIMIT 1  
SQL: SHOW COLUMNS FROM `thinkphp_group` [ RunTime:0.031250s ]
SQL: SELECT `id`,`title` FROM `thinkphp_group` WHERE ( status=1 ) ORDER BY sort ASC  [ RunTime:0.000000s ]
SQL: SHOW COLUMNS FROM `thinkphp_setting` [ RunTime:0.015625s ]
ERR: 1146:Table 'thinkphp.thinkphp_setting' doesn't exist
 [ SQL语句 ] : SHOW COLUMNS FROM `thinkphp_setting`
SQL: SELECT * FROM `thinkphp_setting`  [ RunTime:0.000000s ]
ERR: 1146:Table 'thinkphp.thinkphp_setting' doesn't exist
 [ SQL语句 ] : SELECT * FROM `thinkphp_setting` 
NOTIC: [2] Invalid argument supplied for foreach() D:\xampp\htdocs\tp\admin\Lib\Action\BaseAction.class.php 第 50 行.
NOTIC: [8] Undefined variable: set D:\xampp\htdocs\tp\admin\Lib\Action\BaseAction.class.php 第 53 行.
NOTIC: [8] Undefined index: iframe D:\xampp\htdocs\tp\admin\Lib\Action\BaseAction.class.php 第 58 行.
SQL: SHOW COLUMNS FROM `thinkphp_admin` [ RunTime:0.015625s ]
INFO: [ view_parse ] --START--
INFO: ParseTemplate Behavior ::run [ RunTime:0.015625s ]
INFO: [ view_parse ] --END-- [ RunTime:0.015625s ]
INFO: [ view_filter ] --START--
INFO: ContentReplace Behavior ::run [ RunTime:0.000000s ]
INFO: TokenBuild Behavior ::run [ RunTime:0.015625s ]
INFO: WriteHtmlCache Behavior ::run [ RunTime:0.000000s ]
INFO: ShowRuntime Behavior ::run [ RunTime:0.000000s ]
INFO: [ view_filter ] --END-- [ RunTime:0.015625s ]
INFO: [ view_end ] --START--
INFO: ShowPageTrace Behavior ::run [ RunTime:0.000000s ]
INFO: [ view_end ] --END-- [ RunTime:0.000000s ]

