[ 2013-12-12T14:35:23+08:00 ] 127.0.0.1 /tp/admin.php
INFO: [ app_begin ] --START--
INFO: ReadHtmlCache Behavior ::run [ RunTime:0.000000s ]
INFO: CheckLang Behavior ::run [ RunTime:0.062500s ]
INFO: [ app_begin ] --END-- [ RunTime:0.281250s ]
NOTIC: [2048] Declaration of BaseAction::error() should be compatible with Action::error($message = '', $jumpUrl = '', $ajax = false) D:\xampp\htdocs\tp\admin\Lib\Action\BaseAction.class.php 第 268 行.
NOTIC: [2048] Declaration of BaseAction::success() should be compatible with Action::success($message = '', $jumpUrl = '', $ajax = false) D:\xampp\htdocs\tp\admin\Lib\Action\BaseAction.class.php 第 268 行.

[ 2013-12-12T14:35:23+08:00 ] 127.0.0.1 /tp/admin.php?m=Public&a=login
INFO: [ app_begin ] --START--
INFO: ReadHtmlCache Behavior ::run [ RunTime:0.000000s ]
INFO: CheckLang Behavior ::run [ RunTime:0.000000s ]
INFO: [ app_begin ] --END-- [ RunTime:0.000000s ]
NOTIC: [2048] Declaration of BaseAction::error() should be compatible with Action::error($message = '', $jumpUrl = '', $ajax = false) D:\xampp\htdocs\tp\admin\Lib\Action\BaseAction.class.php 第 268 行.
NOTIC: [2048] Declaration of BaseAction::success() should be compatible with Action::success($message = '', $jumpUrl = '', $ajax = false) D:\xampp\htdocs\tp\admin\Lib\Action\BaseAction.class.php 第 268 行.
NOTIC: [8] Undefined index: admin_info D:\xampp\htdocs\tp\admin\Lib\Action\BaseAction.class.php 第 72 行.
NOTIC: [8] Undefined index: admin_info D:\xampp\htdocs\tp\admin\Lib\Action\BaseAction.class.php 第 33 行.
SQL: SHOW COLUMNS FROM `thinkphp_role` [ RunTime:0.062500s ]
NOTIC: [8] Undefined index: admin_info D:\xampp\htdocs\tp\admin\Lib\Action\BaseAction.class.php 第 37 行.
SQL: SELECT `name`,`status`,`remark`,`create_time`,`update_time` FROM `thinkphp_role` WHERE ( id= ) LIMIT 1   [ RunTime:0.000000s ]
ERR: 1064:You have an error in your SQL syntax; check the manual that corresponds to your MySQL server version for the right syntax to use near ') LIMIT 1' at line 1
 [ SQL语句 ] : SELECT `name`,`status`,`remark`,`create_time`,`update_time` FROM `thinkphp_role` WHERE ( id= ) LIMIT 1  
SQL: SHOW COLUMNS FROM `thinkphp_group` [ RunTime:0.031250s ]
SQL: SELECT `id`,`title` FROM `thinkphp_group` WHERE ( status=1 ) ORDER BY sort ASC  [ RunTime:0.000000s ]
SQL: SHOW COLUMNS FROM `thinkphp_setting` [ RunTime:0.046875s ]
SQL: SELECT * FROM `thinkphp_setting`  [ RunTime:0.000000s ]
NOTIC: [8] Undefined index: iframe D:\xampp\htdocs\tp\admin\Lib\Action\BaseAction.class.php 第 58 行.
SQL: SHOW COLUMNS FROM `thinkphp_admin` [ RunTime:0.015625s ]
INFO: [ view_parse ] --START--
INFO: ParseTemplate Behavior ::run [ RunTime:0.031250s ]
INFO: [ view_parse ] --END-- [ RunTime:0.031250s ]
INFO: [ view_filter ] --START--
INFO: ContentReplace Behavior ::run [ RunTime:0.000000s ]
INFO: TokenBuild Behavior ::run [ RunTime:0.000000s ]
INFO: WriteHtmlCache Behavior ::run [ RunTime:0.000000s ]
INFO: ShowRuntime Behavior ::run [ RunTime:0.000000s ]
INFO: [ view_filter ] --END-- [ RunTime:0.000000s ]
INFO: [ view_end ] --START--
INFO: ShowPageTrace Behavior ::run [ RunTime:0.000000s ]
INFO: [ view_end ] --END-- [ RunTime:0.000000s ]

[ 2013-12-12T14:35:24+08:00 ] 127.0.0.1 /tp/admin.php?m=Public&a=verify&rand=1386830123
INFO: [ app_begin ] --START--
INFO: ReadHtmlCache Behavior ::run [ RunTime:0.000000s ]
INFO: CheckLang Behavior ::run [ RunTime:0.000000s ]
INFO: [ app_begin ] --END-- [ RunTime:0.000000s ]
NOTIC: [2048] Declaration of BaseAction::error() should be compatible with Action::error($message = '', $jumpUrl = '', $ajax = false) D:\xampp\htdocs\tp\admin\Lib\Action\BaseAction.class.php 第 268 行.
NOTIC: [2048] Declaration of BaseAction::success() should be compatible with Action::success($message = '', $jumpUrl = '', $ajax = false) D:\xampp\htdocs\tp\admin\Lib\Action\BaseAction.class.php 第 268 行.
NOTIC: [8] Undefined index: admin_info D:\xampp\htdocs\tp\admin\Lib\Action\BaseAction.class.php 第 72 行.
NOTIC: [8] Undefined index: admin_info D:\xampp\htdocs\tp\admin\Lib\Action\BaseAction.class.php 第 33 行.
SQL: SHOW COLUMNS FROM `thinkphp_role` [ RunTime:0.000000s ]
NOTIC: [8] Undefined index: admin_info D:\xampp\htdocs\tp\admin\Lib\Action\BaseAction.class.php 第 37 行.
SQL: SELECT `name`,`status`,`remark`,`create_time`,`update_time` FROM `thinkphp_role` WHERE ( id= ) LIMIT 1   [ RunTime:0.000000s ]
ERR: 1064:You have an error in your SQL syntax; check the manual that corresponds to your MySQL server version for the right syntax to use near ') LIMIT 1' at line 1
 [ SQL语句 ] : SELECT `name`,`status`,`remark`,`create_time`,`update_time` FROM `thinkphp_role` WHERE ( id= ) LIMIT 1  
SQL: SHOW COLUMNS FROM `thinkphp_group` [ RunTime:0.015625s ]
SQL: SELECT `id`,`title` FROM `thinkphp_group` WHERE ( status=1 ) ORDER BY sort ASC  [ RunTime:0.000000s ]
SQL: SHOW COLUMNS FROM `thinkphp_setting` [ RunTime:0.000000s ]
SQL: SELECT * FROM `thinkphp_setting`  [ RunTime:0.000000s ]
NOTIC: [8] Undefined index: iframe D:\xampp\htdocs\tp\admin\Lib\Action\BaseAction.class.php 第 58 行.

[ 2013-12-12T14:35:32+08:00 ] 127.0.0.1 /tp/admin.php?m=Public&a=login
INFO: [ app_begin ] --START--
INFO: ReadHtmlCache Behavior ::run [ RunTime:0.000000s ]
INFO: CheckLang Behavior ::run [ RunTime:0.000000s ]
INFO: [ app_begin ] --END-- [ RunTime:0.000000s ]
NOTIC: [2048] Declaration of BaseAction::error() should be compatible with Action::error($message = '', $jumpUrl = '', $ajax = false) D:\xampp\htdocs\tp\admin\Lib\Action\BaseAction.class.php 第 268 行.
NOTIC: [2048] Declaration of BaseAction::success() should be compatible with Action::success($message = '', $jumpUrl = '', $ajax = false) D:\xampp\htdocs\tp\admin\Lib\Action\BaseAction.class.php 第 268 行.
NOTIC: [8] Undefined index: admin_info D:\xampp\htdocs\tp\admin\Lib\Action\BaseAction.class.php 第 72 行.
NOTIC: [8] Undefined index: admin_info D:\xampp\htdocs\tp\admin\Lib\Action\BaseAction.class.php 第 33 行.
SQL: SHOW COLUMNS FROM `thinkphp_role` [ RunTime:0.000000s ]
NOTIC: [8] Undefined index: admin_info D:\xampp\htdocs\tp\admin\Lib\Action\BaseAction.class.php 第 37 行.
SQL: SELECT `name`,`status`,`remark`,`create_time`,`update_time` FROM `thinkphp_role` WHERE ( id= ) LIMIT 1   [ RunTime:0.000000s ]
ERR: 1064:You have an error in your SQL syntax; check the manual that corresponds to your MySQL server version for the right syntax to use near ') LIMIT 1' at line 1
 [ SQL语句 ] : SELECT `name`,`status`,`remark`,`create_time`,`update_time` FROM `thinkphp_role` WHERE ( id= ) LIMIT 1  
SQL: SHOW COLUMNS FROM `thinkphp_group` [ RunTime:0.000000s ]
SQL: SELECT `id`,`title` FROM `thinkphp_group` WHERE ( status=1 ) ORDER BY sort ASC  [ RunTime:0.000000s ]
SQL: SHOW COLUMNS FROM `thinkphp_setting` [ RunTime:0.015625s ]
SQL: SELECT * FROM `thinkphp_setting`  [ RunTime:0.000000s ]
NOTIC: [8] Undefined index: iframe D:\xampp\htdocs\tp\admin\Lib\Action\BaseAction.class.php 第 58 行.
SQL: SHOW COLUMNS FROM `thinkphp_admin` [ RunTime:0.000000s ]
SQL: SELECT * FROM `thinkphp_admin` WHERE ( user_name='admin' ) LIMIT 1   [ RunTime:0.000000s ]
INFO: [ view_parse ] --START--
INFO: ParseTemplate Behavior ::run [ RunTime:0.046875s ]
INFO: [ view_parse ] --END-- [ RunTime:0.046875s ]
INFO: [ view_filter ] --START--
INFO: ContentReplace Behavior ::run [ RunTime:0.000000s ]
INFO: TokenBuild Behavior ::run [ RunTime:0.000000s ]
INFO: WriteHtmlCache Behavior ::run [ RunTime:0.000000s ]
INFO: ShowRuntime Behavior ::run [ RunTime:0.000000s ]
INFO: [ view_filter ] --END-- [ RunTime:0.000000s ]
INFO: [ view_end ] --START--
INFO: ShowPageTrace Behavior ::run [ RunTime:0.000000s ]
INFO: [ view_end ] --END-- [ RunTime:0.000000s ]

[ 2013-12-12T14:35:35+08:00 ] 127.0.0.1 /tp/admin.php?m=Index&a=index
INFO: [ app_begin ] --START--
INFO: ReadHtmlCache Behavior ::run [ RunTime:0.000000s ]
INFO: CheckLang Behavior ::run [ RunTime:0.000000s ]
INFO: [ app_begin ] --END-- [ RunTime:0.000000s ]
NOTIC: [2048] Declaration of BaseAction::error() should be compatible with Action::error($message = '', $jumpUrl = '', $ajax = false) D:\xampp\htdocs\tp\admin\Lib\Action\BaseAction.class.php 第 268 行.
NOTIC: [2048] Declaration of BaseAction::success() should be compatible with Action::success($message = '', $jumpUrl = '', $ajax = false) D:\xampp\htdocs\tp\admin\Lib\Action\BaseAction.class.php 第 268 行.
SQL: SHOW COLUMNS FROM `thinkphp_role` [ RunTime:0.000000s ]
SQL: SELECT `name`,`status`,`remark`,`create_time`,`update_time` FROM `thinkphp_role` WHERE ( id=1 ) LIMIT 1   [ RunTime:0.000000s ]
SQL: SHOW COLUMNS FROM `thinkphp_group` [ RunTime:0.000000s ]
SQL: SELECT `id`,`title` FROM `thinkphp_group` WHERE ( status=1 ) ORDER BY sort ASC  [ RunTime:0.000000s ]
SQL: SHOW COLUMNS FROM `thinkphp_setting` [ RunTime:0.000000s ]
SQL: SELECT * FROM `thinkphp_setting`  [ RunTime:0.000000s ]
NOTIC: [8] Undefined index: iframe D:\xampp\htdocs\tp\admin\Lib\Action\BaseAction.class.php 第 58 行.
INFO: [ view_parse ] --START--
NOTIC: [8] Undefined variable: lang D:\xampp\htdocs\tp\admin\Runtime\Cache\4c18d5952d0dbf1eedb8a1ec796fa788.php 第 41 行.
INFO: ParseTemplate Behavior ::run [ RunTime:0.031250s ]
INFO: [ view_parse ] --END-- [ RunTime:0.031250s ]
INFO: [ view_filter ] --START--
INFO: ContentReplace Behavior ::run [ RunTime:0.000000s ]
INFO: TokenBuild Behavior ::run [ RunTime:0.000000s ]
INFO: WriteHtmlCache Behavior ::run [ RunTime:0.000000s ]
INFO: ShowRuntime Behavior ::run [ RunTime:0.000000s ]
INFO: [ view_filter ] --END-- [ RunTime:0.000000s ]
INFO: [ view_end ] --START--
INFO: ShowPageTrace Behavior ::run [ RunTime:0.000000s ]
INFO: [ view_end ] --END-- [ RunTime:0.000000s ]

[ 2013-12-12T14:35:35+08:00 ] 127.0.0.1 /tp/admin.php?m=Public&a=main
INFO: [ app_begin ] --START--
INFO: ReadHtmlCache Behavior ::run [ RunTime:0.000000s ]
INFO: CheckLang Behavior ::run [ RunTime:0.000000s ]
INFO: [ app_begin ] --END-- [ RunTime:0.000000s ]
NOTIC: [2048] Declaration of BaseAction::error() should be compatible with Action::error($message = '', $jumpUrl = '', $ajax = false) D:\xampp\htdocs\tp\admin\Lib\Action\BaseAction.class.php 第 268 行.
NOTIC: [2048] Declaration of BaseAction::success() should be compatible with Action::success($message = '', $jumpUrl = '', $ajax = false) D:\xampp\htdocs\tp\admin\Lib\Action\BaseAction.class.php 第 268 行.
SQL: SHOW COLUMNS FROM `thinkphp_role` [ RunTime:0.000000s ]
SQL: SELECT `name`,`status`,`remark`,`create_time`,`update_time` FROM `thinkphp_role` WHERE ( id=1 ) LIMIT 1   [ RunTime:0.000000s ]
SQL: SHOW COLUMNS FROM `thinkphp_group` [ RunTime:0.000000s ]
SQL: SELECT `id`,`title` FROM `thinkphp_group` WHERE ( status=1 ) ORDER BY sort ASC  [ RunTime:0.000000s ]
SQL: SHOW COLUMNS FROM `thinkphp_setting` [ RunTime:0.015625s ]
SQL: SELECT * FROM `thinkphp_setting`  [ RunTime:0.000000s ]
NOTIC: [8] Undefined index: iframe D:\xampp\htdocs\tp\admin\Lib\Action\BaseAction.class.php 第 58 行.
NOTIC: [8] Use of undefined constant ROOT_PATH - assumed 'ROOT_PATH' D:\xampp\htdocs\tp\admin\Lib\Action\PublicAction.class.php 第 69 行.
NOTIC: [8] Use of undefined constant NOW_VERSION - assumed 'NOW_VERSION' D:\xampp\htdocs\tp\admin\Lib\Action\PublicAction.class.php 第 84 行.
INFO: [ view_parse ] --START--
NOTIC: [8] Undefined variable: sub_menu D:\xampp\htdocs\tp\admin\Runtime\Cache\6e0a2ffbae5fbbcd23e7c3063df8e324.php 第 36 行.
NOTIC: [8] Undefined variable: big_menu D:\xampp\htdocs\tp\admin\Runtime\Cache\6e0a2ffbae5fbbcd23e7c3063df8e324.php 第 36 行.
INFO: ParseTemplate Behavior ::run [ RunTime:0.031250s ]
INFO: [ view_parse ] --END-- [ RunTime:0.031250s ]
INFO: [ view_filter ] --START--
INFO: ContentReplace Behavior ::run [ RunTime:0.000000s ]
INFO: TokenBuild Behavior ::run [ RunTime:0.000000s ]
INFO: WriteHtmlCache Behavior ::run [ RunTime:0.000000s ]
INFO: ShowRuntime Behavior ::run [ RunTime:0.000000s ]
INFO: [ view_filter ] --END-- [ RunTime:0.000000s ]
INFO: [ view_end ] --START--
INFO: ShowPageTrace Behavior ::run [ RunTime:0.000000s ]
INFO: [ view_end ] --END-- [ RunTime:0.000000s ]

[ 2013-12-12T14:35:35+08:00 ] 127.0.0.1 /tp/admin.php?m=Public&a=menu&tag=9
INFO: [ app_begin ] --START--
INFO: ReadHtmlCache Behavior ::run [ RunTime:0.000000s ]
INFO: CheckLang Behavior ::run [ RunTime:0.000000s ]
INFO: [ app_begin ] --END-- [ RunTime:0.000000s ]
NOTIC: [2048] Declaration of BaseAction::error() should be compatible with Action::error($message = '', $jumpUrl = '', $ajax = false) D:\xampp\htdocs\tp\admin\Lib\Action\BaseAction.class.php 第 268 行.
NOTIC: [2048] Declaration of BaseAction::success() should be compatible with Action::success($message = '', $jumpUrl = '', $ajax = false) D:\xampp\htdocs\tp\admin\Lib\Action\BaseAction.class.php 第 268 行.
SQL: SHOW COLUMNS FROM `thinkphp_role` [ RunTime:0.015625s ]
SQL: SELECT `name`,`status`,`remark`,`create_time`,`update_time` FROM `thinkphp_role` WHERE ( id=1 ) LIMIT 1   [ RunTime:0.000000s ]
SQL: SHOW COLUMNS FROM `thinkphp_group` [ RunTime:0.000000s ]
SQL: SELECT `id`,`title` FROM `thinkphp_group` WHERE ( status=1 ) ORDER BY sort ASC  [ RunTime:0.000000s ]
SQL: SHOW COLUMNS FROM `thinkphp_setting` [ RunTime:0.000000s ]
SQL: SELECT * FROM `thinkphp_setting`  [ RunTime:0.000000s ]
NOTIC: [8] Undefined index: iframe D:\xampp\htdocs\tp\admin\Lib\Action\BaseAction.class.php 第 58 行.
SQL: SHOW COLUMNS FROM `thinkphp_admin` [ RunTime:0.000000s ]
SQL: SELECT `role_id` FROM `thinkphp_admin` WHERE ( id=1 ) LIMIT 1   [ RunTime:0.000000s ]
SQL: SHOW COLUMNS FROM `thinkphp_access` [ RunTime:0.062500s ]
SQL: SELECT `node_id` FROM `thinkphp_access` WHERE ( role_id=1 )  [ RunTime:0.000000s ]
SQL: SHOW COLUMNS FROM `thinkphp_node` [ RunTime:0.031250s ]
SQL: select A.id,A.action,A.action_name,A.module,A.module_name,A.data from thinkphp_node A right join thinkphp_access B ON a.id = b.node_id where A.auth_type<>2 AND A.status=1 AND A.is_show=0 AND A.group_id=9 AND  B.role_id=1 [ RunTime:0.015625s ]
INFO: [ view_parse ] --START--
NOTIC: [8] Undefined variable: lang D:\xampp\htdocs\tp\admin\Runtime\Cache\f416cf810dea4d3f6272237cf732402f.php 第 1 行.
INFO: ParseTemplate Behavior ::run [ RunTime:0.015625s ]
INFO: [ view_parse ] --END-- [ RunTime:0.015625s ]
INFO: [ view_filter ] --START--
INFO: ContentReplace Behavior ::run [ RunTime:0.000000s ]
INFO: TokenBuild Behavior ::run [ RunTime:0.000000s ]
INFO: WriteHtmlCache Behavior ::run [ RunTime:0.000000s ]
INFO: ShowRuntime Behavior ::run [ RunTime:0.000000s ]
INFO: [ view_filter ] --END-- [ RunTime:0.000000s ]
INFO: [ view_end ] --START--
INFO: ShowPageTrace Behavior ::run [ RunTime:0.000000s ]
INFO: [ view_end ] --END-- [ RunTime:0.000000s ]

[ 2013-12-12T14:35:35+08:00 ] 127.0.0.1 /tp/admin.php?m=Index&a=current_pos&tag=9
INFO: [ app_begin ] --START--
INFO: ReadHtmlCache Behavior ::run [ RunTime:0.000000s ]
INFO: CheckLang Behavior ::run [ RunTime:0.015625s ]
INFO: [ app_begin ] --END-- [ RunTime:0.015625s ]
NOTIC: [2048] Declaration of BaseAction::error() should be compatible with Action::error($message = '', $jumpUrl = '', $ajax = false) D:\xampp\htdocs\tp\admin\Lib\Action\BaseAction.class.php 第 268 行.
NOTIC: [2048] Declaration of BaseAction::success() should be compatible with Action::success($message = '', $jumpUrl = '', $ajax = false) D:\xampp\htdocs\tp\admin\Lib\Action\BaseAction.class.php 第 268 行.
SQL: SHOW COLUMNS FROM `thinkphp_role` [ RunTime:0.000000s ]
SQL: SELECT `name`,`status`,`remark`,`create_time`,`update_time` FROM `thinkphp_role` WHERE ( id=1 ) LIMIT 1   [ RunTime:0.000000s ]
SQL: SHOW COLUMNS FROM `thinkphp_group` [ RunTime:0.000000s ]
SQL: SELECT `id`,`title` FROM `thinkphp_group` WHERE ( status=1 ) ORDER BY sort ASC  [ RunTime:0.000000s ]
SQL: SHOW COLUMNS FROM `thinkphp_setting` [ RunTime:0.000000s ]
SQL: SELECT * FROM `thinkphp_setting`  [ RunTime:0.000000s ]
NOTIC: [8] Undefined index: iframe D:\xampp\htdocs\tp\admin\Lib\Action\BaseAction.class.php 第 58 行.
NOTIC: [8] Undefined index: menuid D:\xampp\htdocs\tp\admin\Lib\Action\IndexAction.class.php 第 21 行.
SQL: SHOW COLUMNS FROM `thinkphp_node` [ RunTime:0.000000s ]
SQL: SELECT `group_id`,`module_name`,`action_name` FROM `thinkphp_node` WHERE ( id=0 ) LIMIT 1   [ RunTime:0.000000s ]
SQL: SELECT `title` FROM `thinkphp_group` WHERE ( id=9 ) LIMIT 1   [ RunTime:0.000000s ]

[ 2013-12-12T14:35:38+08:00 ] 127.0.0.1 /tp/admin.php?m=Public&a=menu&tag=8
INFO: [ app_begin ] --START--
INFO: ReadHtmlCache Behavior ::run [ RunTime:0.000000s ]
INFO: CheckLang Behavior ::run [ RunTime:0.000000s ]
INFO: [ app_begin ] --END-- [ RunTime:0.000000s ]
NOTIC: [2048] Declaration of BaseAction::error() should be compatible with Action::error($message = '', $jumpUrl = '', $ajax = false) D:\xampp\htdocs\tp\admin\Lib\Action\BaseAction.class.php 第 268 行.
NOTIC: [2048] Declaration of BaseAction::success() should be compatible with Action::success($message = '', $jumpUrl = '', $ajax = false) D:\xampp\htdocs\tp\admin\Lib\Action\BaseAction.class.php 第 268 行.
SQL: SHOW COLUMNS FROM `thinkphp_role` [ RunTime:0.015625s ]
SQL: SELECT `name`,`status`,`remark`,`create_time`,`update_time` FROM `thinkphp_role` WHERE ( id=1 ) LIMIT 1   [ RunTime:0.000000s ]
SQL: SHOW COLUMNS FROM `thinkphp_group` [ RunTime:0.000000s ]
SQL: SELECT `id`,`title` FROM `thinkphp_group` WHERE ( status=1 ) ORDER BY sort ASC  [ RunTime:0.000000s ]
SQL: SHOW COLUMNS FROM `thinkphp_setting` [ RunTime:0.000000s ]
SQL: SELECT * FROM `thinkphp_setting`  [ RunTime:0.000000s ]
NOTIC: [8] Undefined index: iframe D:\xampp\htdocs\tp\admin\Lib\Action\BaseAction.class.php 第 58 行.
SQL: SHOW COLUMNS FROM `thinkphp_admin` [ RunTime:0.000000s ]
SQL: SELECT `role_id` FROM `thinkphp_admin` WHERE ( id=1 ) LIMIT 1   [ RunTime:0.000000s ]
SQL: SHOW COLUMNS FROM `thinkphp_access` [ RunTime:0.000000s ]
SQL: SELECT `node_id` FROM `thinkphp_access` WHERE ( role_id=1 )  [ RunTime:0.000000s ]
SQL: SHOW COLUMNS FROM `thinkphp_node` [ RunTime:0.015625s ]
SQL: select A.id,A.action,A.action_name,A.module,A.module_name,A.data from thinkphp_node A right join thinkphp_access B ON a.id = b.node_id where A.auth_type<>2 AND A.status=1 AND A.is_show=0 AND A.group_id=8 AND  B.role_id=1 [ RunTime:0.000000s ]
INFO: [ view_parse ] --START--
NOTIC: [8] Undefined variable: lang D:\xampp\htdocs\tp\admin\Runtime\Cache\f416cf810dea4d3f6272237cf732402f.php 第 1 行.
INFO: ParseTemplate Behavior ::run [ RunTime:0.000000s ]
INFO: [ view_parse ] --END-- [ RunTime:0.000000s ]
INFO: [ view_filter ] --START--
INFO: ContentReplace Behavior ::run [ RunTime:0.000000s ]
INFO: TokenBuild Behavior ::run [ RunTime:0.000000s ]
INFO: WriteHtmlCache Behavior ::run [ RunTime:0.000000s ]
INFO: ShowRuntime Behavior ::run [ RunTime:0.000000s ]
INFO: [ view_filter ] --END-- [ RunTime:0.000000s ]
INFO: [ view_end ] --START--
INFO: ShowPageTrace Behavior ::run [ RunTime:0.000000s ]
INFO: [ view_end ] --END-- [ RunTime:0.000000s ]

[ 2013-12-12T14:35:38+08:00 ] 127.0.0.1 /tp/admin.php?m=Index&a=current_pos&tag=8
INFO: [ app_begin ] --START--
INFO: ReadHtmlCache Behavior ::run [ RunTime:0.000000s ]
INFO: CheckLang Behavior ::run [ RunTime:0.000000s ]
INFO: [ app_begin ] --END-- [ RunTime:0.000000s ]
NOTIC: [2048] Declaration of BaseAction::error() should be compatible with Action::error($message = '', $jumpUrl = '', $ajax = false) D:\xampp\htdocs\tp\admin\Lib\Action\BaseAction.class.php 第 268 行.
NOTIC: [2048] Declaration of BaseAction::success() should be compatible with Action::success($message = '', $jumpUrl = '', $ajax = false) D:\xampp\htdocs\tp\admin\Lib\Action\BaseAction.class.php 第 268 行.
SQL: SHOW COLUMNS FROM `thinkphp_role` [ RunTime:0.000000s ]
SQL: SELECT `name`,`status`,`remark`,`create_time`,`update_time` FROM `thinkphp_role` WHERE ( id=1 ) LIMIT 1   [ RunTime:0.000000s ]
SQL: SHOW COLUMNS FROM `thinkphp_group` [ RunTime:0.000000s ]
SQL: SELECT `id`,`title` FROM `thinkphp_group` WHERE ( status=1 ) ORDER BY sort ASC  [ RunTime:0.000000s ]
SQL: SHOW COLUMNS FROM `thinkphp_setting` [ RunTime:0.000000s ]
SQL: SELECT * FROM `thinkphp_setting`  [ RunTime:0.000000s ]
NOTIC: [8] Undefined index: iframe D:\xampp\htdocs\tp\admin\Lib\Action\BaseAction.class.php 第 58 行.
NOTIC: [8] Undefined index: menuid D:\xampp\htdocs\tp\admin\Lib\Action\IndexAction.class.php 第 21 行.
SQL: SHOW COLUMNS FROM `thinkphp_node` [ RunTime:0.015625s ]
SQL: SELECT `group_id`,`module_name`,`action_name` FROM `thinkphp_node` WHERE ( id=0 ) LIMIT 1   [ RunTime:0.000000s ]
SQL: SELECT `title` FROM `thinkphp_group` WHERE ( id=8 ) LIMIT 1   [ RunTime:0.000000s ]

[ 2013-12-12T14:35:39+08:00 ] 127.0.0.1 /tp/admin.php?m=Index&a=current_pos&menuid=156
INFO: [ app_begin ] --START--
INFO: ReadHtmlCache Behavior ::run [ RunTime:0.000000s ]
INFO: CheckLang Behavior ::run [ RunTime:0.015625s ]
INFO: [ app_begin ] --END-- [ RunTime:0.015625s ]
NOTIC: [2048] Declaration of BaseAction::error() should be compatible with Action::error($message = '', $jumpUrl = '', $ajax = false) D:\xampp\htdocs\tp\admin\Lib\Action\BaseAction.class.php 第 268 行.
NOTIC: [2048] Declaration of BaseAction::success() should be compatible with Action::success($message = '', $jumpUrl = '', $ajax = false) D:\xampp\htdocs\tp\admin\Lib\Action\BaseAction.class.php 第 268 行.
SQL: SHOW COLUMNS FROM `thinkphp_role` [ RunTime:0.000000s ]
SQL: SELECT `name`,`status`,`remark`,`create_time`,`update_time` FROM `thinkphp_role` WHERE ( id=1 ) LIMIT 1   [ RunTime:0.000000s ]
SQL: SHOW COLUMNS FROM `thinkphp_group` [ RunTime:0.000000s ]
SQL: SELECT `id`,`title` FROM `thinkphp_group` WHERE ( status=1 ) ORDER BY sort ASC  [ RunTime:0.000000s ]
SQL: SHOW COLUMNS FROM `thinkphp_setting` [ RunTime:0.015625s ]
SQL: SELECT * FROM `thinkphp_setting`  [ RunTime:0.000000s ]
NOTIC: [8] Undefined index: iframe D:\xampp\htdocs\tp\admin\Lib\Action\BaseAction.class.php 第 58 行.
NOTIC: [8] Undefined index: tag D:\xampp\htdocs\tp\admin\Lib\Action\IndexAction.class.php 第 20 行.
SQL: SHOW COLUMNS FROM `thinkphp_node` [ RunTime:0.000000s ]
SQL: SELECT `group_id`,`module_name`,`action_name` FROM `thinkphp_node` WHERE ( id=156 ) LIMIT 1   [ RunTime:0.000000s ]
SQL: SELECT `title` FROM `thinkphp_group` WHERE ( id=8 ) LIMIT 1   [ RunTime:0.000000s ]

[ 2013-12-12T14:35:39+08:00 ] 127.0.0.1 /tp/admin.php?m=User&a=index
INFO: [ app_begin ] --START--
INFO: ReadHtmlCache Behavior ::run [ RunTime:0.000000s ]
INFO: CheckLang Behavior ::run [ RunTime:0.015625s ]
INFO: [ app_begin ] --END-- [ RunTime:0.031250s ]
NOTIC: [2048] Declaration of BaseAction::error() should be compatible with Action::error($message = '', $jumpUrl = '', $ajax = false) D:\xampp\htdocs\tp\admin\Lib\Action\BaseAction.class.php 第 268 行.
NOTIC: [2048] Declaration of BaseAction::success() should be compatible with Action::success($message = '', $jumpUrl = '', $ajax = false) D:\xampp\htdocs\tp\admin\Lib\Action\BaseAction.class.php 第 268 行.
SQL: SHOW COLUMNS FROM `thinkphp_role` [ RunTime:0.015625s ]
SQL: SELECT `name`,`status`,`remark`,`create_time`,`update_time` FROM `thinkphp_role` WHERE ( id=1 ) LIMIT 1   [ RunTime:0.000000s ]
SQL: SHOW COLUMNS FROM `thinkphp_group` [ RunTime:0.000000s ]
SQL: SELECT `id`,`title` FROM `thinkphp_group` WHERE ( status=1 ) ORDER BY sort ASC  [ RunTime:0.000000s ]
SQL: SHOW COLUMNS FROM `thinkphp_setting` [ RunTime:0.000000s ]
SQL: SELECT * FROM `thinkphp_setting`  [ RunTime:0.000000s ]
NOTIC: [8] Undefined index: iframe D:\xampp\htdocs\tp\admin\Lib\Action\BaseAction.class.php 第 58 行.
SQL: SHOW COLUMNS FROM `thinkphp_user` [ RunTime:0.031250s ]
SQL: SELECT COUNT(*) AS tp_count FROM `thinkphp_user` WHERE (  1=1  ) LIMIT 1   [ RunTime:0.000000s ]
SQL: SELECT * FROM `thinkphp_user` WHERE (  1=1  ) ORDER BY last_time desc LIMIT 0,20   [ RunTime:0.000000s ]
INFO: [ view_parse ] --START--
NOTIC: [8] Undefined variable: sub_menu D:\xampp\htdocs\tp\admin\Runtime\Cache\db47b7ae6f1c73035eb3910c38bf8969.php 第 36 行.
NOTIC: [8] Undefined variable: big_menu D:\xampp\htdocs\tp\admin\Runtime\Cache\db47b7ae6f1c73035eb3910c38bf8969.php 第 36 行.
NOTIC: [8] Undefined variable: keyword D:\xampp\htdocs\tp\admin\Runtime\Cache\db47b7ae6f1c73035eb3910c38bf8969.php 第 49 行.
INFO: ParseTemplate Behavior ::run [ RunTime:0.015625s ]
INFO: [ view_parse ] --END-- [ RunTime:0.015625s ]
INFO: [ view_filter ] --START--
INFO: ContentReplace Behavior ::run [ RunTime:0.000000s ]
INFO: TokenBuild Behavior ::run [ RunTime:0.000000s ]
INFO: WriteHtmlCache Behavior ::run [ RunTime:0.000000s ]
INFO: ShowRuntime Behavior ::run [ RunTime:0.000000s ]
INFO: [ view_filter ] --END-- [ RunTime:0.000000s ]
INFO: [ view_end ] --START--
INFO: ShowPageTrace Behavior ::run [ RunTime:0.000000s ]
INFO: [ view_end ] --END-- [ RunTime:0.000000s ]

[ 2013-12-12T14:35:43+08:00 ] 127.0.0.1 /tp/admin.php?m=Public&a=menu&tag=1
INFO: [ app_begin ] --START--
INFO: ReadHtmlCache Behavior ::run [ RunTime:0.000000s ]
INFO: CheckLang Behavior ::run [ RunTime:0.000000s ]
INFO: [ app_begin ] --END-- [ RunTime:0.000000s ]
NOTIC: [2048] Declaration of BaseAction::error() should be compatible with Action::error($message = '', $jumpUrl = '', $ajax = false) D:\xampp\htdocs\tp\admin\Lib\Action\BaseAction.class.php 第 268 行.
NOTIC: [2048] Declaration of BaseAction::success() should be compatible with Action::success($message = '', $jumpUrl = '', $ajax = false) D:\xampp\htdocs\tp\admin\Lib\Action\BaseAction.class.php 第 268 行.
SQL: SHOW COLUMNS FROM `thinkphp_role` [ RunTime:0.000000s ]
SQL: SELECT `name`,`status`,`remark`,`create_time`,`update_time` FROM `thinkphp_role` WHERE ( id=1 ) LIMIT 1   [ RunTime:0.000000s ]
SQL: SHOW COLUMNS FROM `thinkphp_group` [ RunTime:0.000000s ]
SQL: SELECT `id`,`title` FROM `thinkphp_group` WHERE ( status=1 ) ORDER BY sort ASC  [ RunTime:0.000000s ]
SQL: SHOW COLUMNS FROM `thinkphp_setting` [ RunTime:0.000000s ]
SQL: SELECT * FROM `thinkphp_setting`  [ RunTime:0.000000s ]
NOTIC: [8] Undefined index: iframe D:\xampp\htdocs\tp\admin\Lib\Action\BaseAction.class.php 第 58 行.
SQL: SHOW COLUMNS FROM `thinkphp_admin` [ RunTime:0.015625s ]
SQL: SELECT `role_id` FROM `thinkphp_admin` WHERE ( id=1 ) LIMIT 1   [ RunTime:0.000000s ]
SQL: SHOW COLUMNS FROM `thinkphp_access` [ RunTime:0.000000s ]
SQL: SELECT `node_id` FROM `thinkphp_access` WHERE ( role_id=1 )  [ RunTime:0.000000s ]
SQL: SHOW COLUMNS FROM `thinkphp_node` [ RunTime:0.000000s ]
SQL: select A.id,A.action,A.action_name,A.module,A.module_name,A.data from thinkphp_node A right join thinkphp_access B ON a.id = b.node_id where A.auth_type<>2 AND A.status=1 AND A.is_show=0 AND A.group_id=1 AND  B.role_id=1 [ RunTime:0.000000s ]
INFO: [ view_parse ] --START--
NOTIC: [8] Undefined variable: lang D:\xampp\htdocs\tp\admin\Runtime\Cache\f416cf810dea4d3f6272237cf732402f.php 第 1 行.
NOTIC: [8] Undefined variable: lang D:\xampp\htdocs\tp\admin\Runtime\Cache\f416cf810dea4d3f6272237cf732402f.php 第 1 行.
NOTIC: [8] Undefined variable: lang D:\xampp\htdocs\tp\admin\Runtime\Cache\f416cf810dea4d3f6272237cf732402f.php 第 1 行.
NOTIC: [8] Undefined variable: lang D:\xampp\htdocs\tp\admin\Runtime\Cache\f416cf810dea4d3f6272237cf732402f.php 第 1 行.
NOTIC: [8] Undefined variable: lang D:\xampp\htdocs\tp\admin\Runtime\Cache\f416cf810dea4d3f6272237cf732402f.php 第 1 行.
INFO: ParseTemplate Behavior ::run [ RunTime:0.015625s ]
INFO: [ view_parse ] --END-- [ RunTime:0.015625s ]
INFO: [ view_filter ] --START--
INFO: ContentReplace Behavior ::run [ RunTime:0.000000s ]
INFO: TokenBuild Behavior ::run [ RunTime:0.000000s ]
INFO: WriteHtmlCache Behavior ::run [ RunTime:0.000000s ]
INFO: ShowRuntime Behavior ::run [ RunTime:0.000000s ]
INFO: [ view_filter ] --END-- [ RunTime:0.000000s ]
INFO: [ view_end ] --START--
INFO: ShowPageTrace Behavior ::run [ RunTime:0.000000s ]
INFO: [ view_end ] --END-- [ RunTime:0.000000s ]

[ 2013-12-12T14:35:44+08:00 ] 127.0.0.1 /tp/admin.php?m=Index&a=current_pos&tag=1
INFO: [ app_begin ] --START--
INFO: ReadHtmlCache Behavior ::run [ RunTime:0.000000s ]
INFO: CheckLang Behavior ::run [ RunTime:0.000000s ]
INFO: [ app_begin ] --END-- [ RunTime:0.000000s ]
NOTIC: [2048] Declaration of BaseAction::error() should be compatible with Action::error($message = '', $jumpUrl = '', $ajax = false) D:\xampp\htdocs\tp\admin\Lib\Action\BaseAction.class.php 第 268 行.
NOTIC: [2048] Declaration of BaseAction::success() should be compatible with Action::success($message = '', $jumpUrl = '', $ajax = false) D:\xampp\htdocs\tp\admin\Lib\Action\BaseAction.class.php 第 268 行.
SQL: SHOW COLUMNS FROM `thinkphp_role` [ RunTime:0.000000s ]
SQL: SELECT `name`,`status`,`remark`,`create_time`,`update_time` FROM `thinkphp_role` WHERE ( id=1 ) LIMIT 1   [ RunTime:0.000000s ]
SQL: SHOW COLUMNS FROM `thinkphp_group` [ RunTime:0.015625s ]
SQL: SELECT `id`,`title` FROM `thinkphp_group` WHERE ( status=1 ) ORDER BY sort ASC  [ RunTime:0.000000s ]
SQL: SHOW COLUMNS FROM `thinkphp_setting` [ RunTime:0.000000s ]
SQL: SELECT * FROM `thinkphp_setting`  [ RunTime:0.000000s ]
NOTIC: [8] Undefined index: iframe D:\xampp\htdocs\tp\admin\Lib\Action\BaseAction.class.php 第 58 行.
NOTIC: [8] Undefined index: menuid D:\xampp\htdocs\tp\admin\Lib\Action\IndexAction.class.php 第 21 行.
SQL: SHOW COLUMNS FROM `thinkphp_node` [ RunTime:0.000000s ]
SQL: SELECT `group_id`,`module_name`,`action_name` FROM `thinkphp_node` WHERE ( id=0 ) LIMIT 1   [ RunTime:0.000000s ]
SQL: SELECT `title` FROM `thinkphp_group` WHERE ( id=1 ) LIMIT 1   [ RunTime:0.000000s ]

[ 2013-12-12T14:35:45+08:00 ] 127.0.0.1 /tp/admin.php?m=Index&a=current_pos&menuid=51
INFO: [ app_begin ] --START--
INFO: ReadHtmlCache Behavior ::run [ RunTime:0.000000s ]
INFO: CheckLang Behavior ::run [ RunTime:0.000000s ]
INFO: [ app_begin ] --END-- [ RunTime:0.000000s ]
NOTIC: [2048] Declaration of BaseAction::error() should be compatible with Action::error($message = '', $jumpUrl = '', $ajax = false) D:\xampp\htdocs\tp\admin\Lib\Action\BaseAction.class.php 第 268 行.
NOTIC: [2048] Declaration of BaseAction::success() should be compatible with Action::success($message = '', $jumpUrl = '', $ajax = false) D:\xampp\htdocs\tp\admin\Lib\Action\BaseAction.class.php 第 268 行.
SQL: SHOW COLUMNS FROM `thinkphp_role` [ RunTime:0.000000s ]
SQL: SELECT `name`,`status`,`remark`,`create_time`,`update_time` FROM `thinkphp_role` WHERE ( id=1 ) LIMIT 1   [ RunTime:0.000000s ]
SQL: SHOW COLUMNS FROM `thinkphp_group` [ RunTime:0.000000s ]
SQL: SELECT `id`,`title` FROM `thinkphp_group` WHERE ( status=1 ) ORDER BY sort ASC  [ RunTime:0.000000s ]
SQL: SHOW COLUMNS FROM `thinkphp_setting` [ RunTime:0.000000s ]
SQL: SELECT * FROM `thinkphp_setting`  [ RunTime:0.000000s ]
NOTIC: [8] Undefined index: iframe D:\xampp\htdocs\tp\admin\Lib\Action\BaseAction.class.php 第 58 行.
NOTIC: [8] Undefined index: tag D:\xampp\htdocs\tp\admin\Lib\Action\IndexAction.class.php 第 20 行.
SQL: SHOW COLUMNS FROM `thinkphp_node` [ RunTime:0.000000s ]
SQL: SELECT `group_id`,`module_name`,`action_name` FROM `thinkphp_node` WHERE ( id=51 ) LIMIT 1   [ RunTime:0.000000s ]
SQL: SELECT `title` FROM `thinkphp_group` WHERE ( id=1 ) LIMIT 1   [ RunTime:0.000000s ]

[ 2013-12-12T14:35:45+08:00 ] 127.0.0.1 /tp/admin.php?m=Setting&a=index
INFO: [ app_begin ] --START--
INFO: ReadHtmlCache Behavior ::run [ RunTime:0.000000s ]
INFO: CheckLang Behavior ::run [ RunTime:0.000000s ]
INFO: [ app_begin ] --END-- [ RunTime:0.000000s ]
NOTIC: [2048] Declaration of BaseAction::error() should be compatible with Action::error($message = '', $jumpUrl = '', $ajax = false) D:\xampp\htdocs\tp\admin\Lib\Action\BaseAction.class.php 第 268 行.
NOTIC: [2048] Declaration of BaseAction::success() should be compatible with Action::success($message = '', $jumpUrl = '', $ajax = false) D:\xampp\htdocs\tp\admin\Lib\Action\BaseAction.class.php 第 268 行.
NOTIC: [2048] Declaration of SettingAction::sendMail() should be compatible with BaseAction::sendMail($address, $title, $message) D:\xampp\htdocs\tp\admin\Lib\Action\SettingAction.class.php 第 12 行.
SQL: SHOW COLUMNS FROM `thinkphp_role` [ RunTime:0.000000s ]
SQL: SELECT `name`,`status`,`remark`,`create_time`,`update_time` FROM `thinkphp_role` WHERE ( id=1 ) LIMIT 1   [ RunTime:0.000000s ]
SQL: SHOW COLUMNS FROM `thinkphp_group` [ RunTime:0.000000s ]
SQL: SELECT `id`,`title` FROM `thinkphp_group` WHERE ( status=1 ) ORDER BY sort ASC  [ RunTime:0.000000s ]
SQL: SHOW COLUMNS FROM `thinkphp_setting` [ RunTime:0.000000s ]
SQL: SELECT * FROM `thinkphp_setting`  [ RunTime:0.000000s ]
NOTIC: [8] Undefined index: iframe D:\xampp\htdocs\tp\admin\Lib\Action\BaseAction.class.php 第 58 行.
NOTIC: [8] Undefined index: type D:\xampp\htdocs\tp\admin\Lib\Action\SettingAction.class.php 第 16 行.
INFO: [ view_parse ] --START--
NOTIC: [8] Undefined variable: sub_menu D:\xampp\htdocs\tp\admin\Runtime\Cache\72978f64439c1c0337ce609fd3fc6fb5.php 第 36 行.
NOTIC: [8] Undefined variable: big_menu D:\xampp\htdocs\tp\admin\Runtime\Cache\72978f64439c1c0337ce609fd3fc6fb5.php 第 36 行.
INFO: ParseTemplate Behavior ::run [ RunTime:0.015625s ]
INFO: [ view_parse ] --END-- [ RunTime:0.015625s ]
INFO: [ view_filter ] --START--
INFO: ContentReplace Behavior ::run [ RunTime:0.000000s ]
INFO: TokenBuild Behavior ::run [ RunTime:0.000000s ]
INFO: WriteHtmlCache Behavior ::run [ RunTime:0.000000s ]
INFO: ShowRuntime Behavior ::run [ RunTime:0.000000s ]
INFO: [ view_filter ] --END-- [ RunTime:0.000000s ]
INFO: [ view_end ] --START--
INFO: ShowPageTrace Behavior ::run [ RunTime:0.000000s ]
INFO: [ view_end ] --END-- [ RunTime:0.000000s ]

