[ 2013-11-30T18:06:53+08:00 ] 127.0.0.1 /tp/admin.php
INFO: [ app_begin ] --START--
INFO: ReadHtmlCache Behavior ::run [ RunTime:0.000000s ]
INFO: [ app_begin ] --END-- [ RunTime:0.000000s ]
NOTIC: [2048] Declaration of BaseAction::error() should be compatible with Action::error($message = '', $jumpUrl = '', $ajax = false) D:\xampp\htdocs\tp\admin\Lib\Action\BaseAction.class.php 第 268 行.
NOTIC: [2048] Declaration of BaseAction::success() should be compatible with Action::success($message = '', $jumpUrl = '', $ajax = false) D:\xampp\htdocs\tp\admin\Lib\Action\BaseAction.class.php 第 268 行.

[ 2013-11-30T18:06:53+08:00 ] 127.0.0.1 /tp/admin.php/Public/login.html
INFO: [ route_check ] --START--
INFO: CheckRoute Behavior ::run [ RunTime:0.000000s ]
INFO: [ route_check ] --END-- [ RunTime:0.000000s ]
INFO: [ app_begin ] --START--
INFO: ReadHtmlCache Behavior ::run [ RunTime:0.000000s ]
INFO: [ app_begin ] --END-- [ RunTime:0.000000s ]
NOTIC: [2048] Declaration of BaseAction::error() should be compatible with Action::error($message = '', $jumpUrl = '', $ajax = false) D:\xampp\htdocs\tp\admin\Lib\Action\BaseAction.class.php 第 268 行.
NOTIC: [2048] Declaration of BaseAction::success() should be compatible with Action::success($message = '', $jumpUrl = '', $ajax = false) D:\xampp\htdocs\tp\admin\Lib\Action\BaseAction.class.php 第 268 行.
NOTIC: [8] Undefined index: admin_info D:\xampp\htdocs\tp\admin\Lib\Action\BaseAction.class.php 第 72 行.
NOTIC: [8] Undefined index: admin_info D:\xampp\htdocs\tp\admin\Lib\Action\BaseAction.class.php 第 33 行.
SQL: SHOW COLUMNS FROM `thinkphp_role` [ RunTime:0.031250s ]
NOTIC: [8] Undefined index: admin_info D:\xampp\htdocs\tp\admin\Lib\Action\BaseAction.class.php 第 37 行.
SQL: SELECT `name`,`status`,`remark`,`create_time`,`update_time` FROM `thinkphp_role` WHERE ( id= ) LIMIT 1   [ RunTime:0.000000s ]
ERR: 1064:You have an error in your SQL syntax; check the manual that corresponds to your MySQL server version for the right syntax to use near ') LIMIT 1' at line 1
 [ SQL语句 ] : SELECT `name`,`status`,`remark`,`create_time`,`update_time` FROM `thinkphp_role` WHERE ( id= ) LIMIT 1  
SQL: SHOW COLUMNS FROM `thinkphp_group` [ RunTime:0.031250s ]
SQL: SELECT `id`,`title` FROM `thinkphp_group` WHERE ( status=1 ) ORDER BY sort ASC  [ RunTime:0.015625s ]
SQL: SHOW COLUMNS FROM `thinkphp_setting` [ RunTime:0.000000s ]
ERR: 1146:Table 'thinkphp.thinkphp_setting' doesn't exist
 [ SQL语句 ] : SHOW COLUMNS FROM `thinkphp_setting`
SQL: SELECT * FROM `thinkphp_setting`  [ RunTime:0.000000s ]
ERR: 1146:Table 'thinkphp.thinkphp_setting' doesn't exist
 [ SQL语句 ] : SELECT * FROM `thinkphp_setting` 
NOTIC: [2] Invalid argument supplied for foreach() D:\xampp\htdocs\tp\admin\Lib\Action\BaseAction.class.php 第 50 行.
NOTIC: [8] Undefined variable: set D:\xampp\htdocs\tp\admin\Lib\Action\BaseAction.class.php 第 53 行.
NOTIC: [8] Undefined index: iframe D:\xampp\htdocs\tp\admin\Lib\Action\BaseAction.class.php 第 58 行.
SQL: SHOW COLUMNS FROM `thinkphp_admin` [ RunTime:0.031250s ]
INFO: [ view_parse ] --START--
INFO: ParseTemplate Behavior ::run [ RunTime:0.031250s ]
INFO: [ view_parse ] --END-- [ RunTime:0.031250s ]
INFO: [ view_filter ] --START--
INFO: ContentReplace Behavior ::run [ RunTime:0.000000s ]
INFO: TokenBuild Behavior ::run [ RunTime:0.000000s ]
INFO: WriteHtmlCache Behavior ::run [ RunTime:0.000000s ]
INFO: ShowRuntime Behavior ::run [ RunTime:0.000000s ]
INFO: [ view_filter ] --END-- [ RunTime:0.000000s ]
INFO: [ view_end ] --START--
INFO: ShowPageTrace Behavior ::run [ RunTime:0.000000s ]
INFO: [ view_end ] --END-- [ RunTime:0.000000s ]

[ 2013-11-30T18:06:59+08:00 ] 127.0.0.1 /tp/admin.php/Public/login.html
INFO: [ route_check ] --START--
INFO: CheckRoute Behavior ::run [ RunTime:0.015625s ]
INFO: [ route_check ] --END-- [ RunTime:0.015625s ]
INFO: [ app_begin ] --START--
INFO: ReadHtmlCache Behavior ::run [ RunTime:0.000000s ]
INFO: [ app_begin ] --END-- [ RunTime:0.000000s ]
NOTIC: [2048] Declaration of BaseAction::error() should be compatible with Action::error($message = '', $jumpUrl = '', $ajax = false) D:\xampp\htdocs\tp\admin\Lib\Action\BaseAction.class.php 第 268 行.
NOTIC: [2048] Declaration of BaseAction::success() should be compatible with Action::success($message = '', $jumpUrl = '', $ajax = false) D:\xampp\htdocs\tp\admin\Lib\Action\BaseAction.class.php 第 268 行.
NOTIC: [8] Undefined index: admin_info D:\xampp\htdocs\tp\admin\Lib\Action\BaseAction.class.php 第 72 行.
NOTIC: [8] Undefined index: admin_info D:\xampp\htdocs\tp\admin\Lib\Action\BaseAction.class.php 第 33 行.
SQL: SHOW COLUMNS FROM `thinkphp_role` [ RunTime:0.000000s ]
NOTIC: [8] Undefined index: admin_info D:\xampp\htdocs\tp\admin\Lib\Action\BaseAction.class.php 第 37 行.
SQL: SELECT `name`,`status`,`remark`,`create_time`,`update_time` FROM `thinkphp_role` WHERE ( id= ) LIMIT 1   [ RunTime:0.000000s ]
ERR: 1064:You have an error in your SQL syntax; check the manual that corresponds to your MySQL server version for the right syntax to use near ') LIMIT 1' at line 1
 [ SQL语句 ] : SELECT `name`,`status`,`remark`,`create_time`,`update_time` FROM `thinkphp_role` WHERE ( id= ) LIMIT 1  
SQL: SHOW COLUMNS FROM `thinkphp_group` [ RunTime:0.015625s ]
SQL: SELECT `id`,`title` FROM `thinkphp_group` WHERE ( status=1 ) ORDER BY sort ASC  [ RunTime:0.000000s ]
SQL: SHOW COLUMNS FROM `thinkphp_setting` [ RunTime:0.000000s ]
ERR: 1146:Table 'thinkphp.thinkphp_setting' doesn't exist
 [ SQL语句 ] : SHOW COLUMNS FROM `thinkphp_setting`
SQL: SELECT * FROM `thinkphp_setting`  [ RunTime:0.000000s ]
ERR: 1146:Table 'thinkphp.thinkphp_setting' doesn't exist
 [ SQL语句 ] : SELECT * FROM `thinkphp_setting` 
NOTIC: [2] Invalid argument supplied for foreach() D:\xampp\htdocs\tp\admin\Lib\Action\BaseAction.class.php 第 50 行.
NOTIC: [8] Undefined variable: set D:\xampp\htdocs\tp\admin\Lib\Action\BaseAction.class.php 第 53 行.
NOTIC: [8] Undefined index: iframe D:\xampp\htdocs\tp\admin\Lib\Action\BaseAction.class.php 第 58 行.
SQL: SHOW COLUMNS FROM `thinkphp_admin` [ RunTime:0.000000s ]
SQL: SELECT * FROM `thinkphp_admin` WHERE ( user_name='admin' ) LIMIT 1   [ RunTime:0.000000s ]
INFO: [ view_parse ] --START--
INFO: ParseTemplate Behavior ::run [ RunTime:0.031250s ]
INFO: [ view_parse ] --END-- [ RunTime:0.031250s ]
INFO: [ view_filter ] --START--
INFO: ContentReplace Behavior ::run [ RunTime:0.000000s ]
INFO: TokenBuild Behavior ::run [ RunTime:0.000000s ]
INFO: WriteHtmlCache Behavior ::run [ RunTime:0.000000s ]
INFO: ShowRuntime Behavior ::run [ RunTime:0.000000s ]
INFO: [ view_filter ] --END-- [ RunTime:0.000000s ]
INFO: [ view_end ] --START--
INFO: ShowPageTrace Behavior ::run [ RunTime:0.000000s ]
INFO: [ view_end ] --END-- [ RunTime:0.000000s ]

[ 2013-11-30T18:07:02+08:00 ] 127.0.0.1 /tp/admin.php/Index/index.html
INFO: [ route_check ] --START--
INFO: CheckRoute Behavior ::run [ RunTime:0.000000s ]
INFO: [ route_check ] --END-- [ RunTime:0.000000s ]
INFO: [ app_begin ] --START--
INFO: ReadHtmlCache Behavior ::run [ RunTime:0.000000s ]
INFO: [ app_begin ] --END-- [ RunTime:0.000000s ]
NOTIC: [2048] Declaration of BaseAction::error() should be compatible with Action::error($message = '', $jumpUrl = '', $ajax = false) D:\xampp\htdocs\tp\admin\Lib\Action\BaseAction.class.php 第 268 行.
NOTIC: [2048] Declaration of BaseAction::success() should be compatible with Action::success($message = '', $jumpUrl = '', $ajax = false) D:\xampp\htdocs\tp\admin\Lib\Action\BaseAction.class.php 第 268 行.
SQL: SHOW COLUMNS FROM `thinkphp_role` [ RunTime:0.015625s ]
SQL: SELECT `name`,`status`,`remark`,`create_time`,`update_time` FROM `thinkphp_role` WHERE ( id=1 ) LIMIT 1   [ RunTime:0.000000s ]
SQL: SHOW COLUMNS FROM `thinkphp_group` [ RunTime:0.000000s ]
SQL: SELECT `id`,`title` FROM `thinkphp_group` WHERE ( status=1 ) ORDER BY sort ASC  [ RunTime:0.000000s ]
SQL: SHOW COLUMNS FROM `thinkphp_setting` [ RunTime:0.000000s ]
ERR: 1146:Table 'thinkphp.thinkphp_setting' doesn't exist
 [ SQL语句 ] : SHOW COLUMNS FROM `thinkphp_setting`
SQL: SELECT * FROM `thinkphp_setting`  [ RunTime:0.000000s ]
ERR: 1146:Table 'thinkphp.thinkphp_setting' doesn't exist
 [ SQL语句 ] : SELECT * FROM `thinkphp_setting` 
NOTIC: [2] Invalid argument supplied for foreach() D:\xampp\htdocs\tp\admin\Lib\Action\BaseAction.class.php 第 50 行.
NOTIC: [8] Undefined variable: set D:\xampp\htdocs\tp\admin\Lib\Action\BaseAction.class.php 第 53 行.
NOTIC: [8] Undefined index: iframe D:\xampp\htdocs\tp\admin\Lib\Action\BaseAction.class.php 第 58 行.
INFO: [ view_parse ] --START--
NOTIC: [8] Undefined variable: lang D:\xampp\htdocs\tp\admin\Runtime\Cache\4c18d5952d0dbf1eedb8a1ec796fa788.php 第 41 行.
INFO: ParseTemplate Behavior ::run [ RunTime:0.015625s ]
INFO: [ view_parse ] --END-- [ RunTime:0.015625s ]
INFO: [ view_filter ] --START--
INFO: ContentReplace Behavior ::run [ RunTime:0.000000s ]
INFO: TokenBuild Behavior ::run [ RunTime:0.000000s ]
INFO: WriteHtmlCache Behavior ::run [ RunTime:0.000000s ]
INFO: ShowRuntime Behavior ::run [ RunTime:0.015625s ]
INFO: [ view_filter ] --END-- [ RunTime:0.015625s ]
INFO: [ view_end ] --START--
INFO: ShowPageTrace Behavior ::run [ RunTime:0.000000s ]
INFO: [ view_end ] --END-- [ RunTime:0.000000s ]

[ 2013-11-30T18:07:02+08:00 ] 127.0.0.1 /tp/admin.php/Public/main.html
INFO: [ route_check ] --START--
INFO: CheckRoute Behavior ::run [ RunTime:0.000000s ]
INFO: [ route_check ] --END-- [ RunTime:0.000000s ]
INFO: [ app_begin ] --START--
INFO: ReadHtmlCache Behavior ::run [ RunTime:0.000000s ]
INFO: [ app_begin ] --END-- [ RunTime:0.000000s ]
NOTIC: [2048] Declaration of BaseAction::error() should be compatible with Action::error($message = '', $jumpUrl = '', $ajax = false) D:\xampp\htdocs\tp\admin\Lib\Action\BaseAction.class.php 第 268 行.
NOTIC: [2048] Declaration of BaseAction::success() should be compatible with Action::success($message = '', $jumpUrl = '', $ajax = false) D:\xampp\htdocs\tp\admin\Lib\Action\BaseAction.class.php 第 268 行.
SQL: SHOW COLUMNS FROM `thinkphp_role` [ RunTime:0.000000s ]
SQL: SELECT `name`,`status`,`remark`,`create_time`,`update_time` FROM `thinkphp_role` WHERE ( id=1 ) LIMIT 1   [ RunTime:0.000000s ]
SQL: SHOW COLUMNS FROM `thinkphp_group` [ RunTime:0.000000s ]
SQL: SELECT `id`,`title` FROM `thinkphp_group` WHERE ( status=1 ) ORDER BY sort ASC  [ RunTime:0.000000s ]
SQL: SHOW COLUMNS FROM `thinkphp_setting` [ RunTime:0.000000s ]
ERR: 1146:Table 'thinkphp.thinkphp_setting' doesn't exist
 [ SQL语句 ] : SHOW COLUMNS FROM `thinkphp_setting`
SQL: SELECT * FROM `thinkphp_setting`  [ RunTime:0.015625s ]
ERR: 1146:Table 'thinkphp.thinkphp_setting' doesn't exist
 [ SQL语句 ] : SELECT * FROM `thinkphp_setting` 
NOTIC: [2] Invalid argument supplied for foreach() D:\xampp\htdocs\tp\admin\Lib\Action\BaseAction.class.php 第 50 行.
NOTIC: [8] Undefined variable: set D:\xampp\htdocs\tp\admin\Lib\Action\BaseAction.class.php 第 53 行.
NOTIC: [8] Undefined index: iframe D:\xampp\htdocs\tp\admin\Lib\Action\BaseAction.class.php 第 58 行.
NOTIC: [8] Use of undefined constant ROOT_PATH - assumed 'ROOT_PATH' D:\xampp\htdocs\tp\admin\Lib\Action\PublicAction.class.php 第 69 行.
NOTIC: [8] Use of undefined constant NOW_VERSION - assumed 'NOW_VERSION' D:\xampp\htdocs\tp\admin\Lib\Action\PublicAction.class.php 第 84 行.
INFO: [ view_parse ] --START--
NOTIC: [8] Undefined variable: sub_menu D:\xampp\htdocs\tp\admin\Runtime\Cache\6e0a2ffbae5fbbcd23e7c3063df8e324.php 第 36 行.
NOTIC: [8] Undefined variable: big_menu D:\xampp\htdocs\tp\admin\Runtime\Cache\6e0a2ffbae5fbbcd23e7c3063df8e324.php 第 36 行.
INFO: ParseTemplate Behavior ::run [ RunTime:0.031250s ]
INFO: [ view_parse ] --END-- [ RunTime:0.031250s ]
INFO: [ view_filter ] --START--
INFO: ContentReplace Behavior ::run [ RunTime:0.000000s ]
INFO: TokenBuild Behavior ::run [ RunTime:0.000000s ]
INFO: WriteHtmlCache Behavior ::run [ RunTime:0.000000s ]
INFO: ShowRuntime Behavior ::run [ RunTime:0.000000s ]
INFO: [ view_filter ] --END-- [ RunTime:0.000000s ]
INFO: [ view_end ] --START--
INFO: ShowPageTrace Behavior ::run [ RunTime:0.000000s ]
INFO: [ view_end ] --END-- [ RunTime:0.000000s ]

[ 2013-11-30T18:07:02+08:00 ] 127.0.0.1 /tp/admin.php/Index/current_pos/tag/9.html
INFO: [ route_check ] --START--
INFO: CheckRoute Behavior ::run [ RunTime:0.000000s ]
INFO: [ route_check ] --END-- [ RunTime:0.000000s ]
INFO: [ app_begin ] --START--
INFO: ReadHtmlCache Behavior ::run [ RunTime:0.000000s ]
INFO: [ app_begin ] --END-- [ RunTime:0.000000s ]
NOTIC: [2048] Declaration of BaseAction::error() should be compatible with Action::error($message = '', $jumpUrl = '', $ajax = false) D:\xampp\htdocs\tp\admin\Lib\Action\BaseAction.class.php 第 268 行.
NOTIC: [2048] Declaration of BaseAction::success() should be compatible with Action::success($message = '', $jumpUrl = '', $ajax = false) D:\xampp\htdocs\tp\admin\Lib\Action\BaseAction.class.php 第 268 行.
SQL: SHOW COLUMNS FROM `thinkphp_role` [ RunTime:0.031250s ]
SQL: SELECT `name`,`status`,`remark`,`create_time`,`update_time` FROM `thinkphp_role` WHERE ( id=1 ) LIMIT 1   [ RunTime:0.000000s ]
SQL: SHOW COLUMNS FROM `thinkphp_group` [ RunTime:0.000000s ]
SQL: SELECT `id`,`title` FROM `thinkphp_group` WHERE ( status=1 ) ORDER BY sort ASC  [ RunTime:0.000000s ]
SQL: SHOW COLUMNS FROM `thinkphp_setting` [ RunTime:0.000000s ]
ERR: 1146:Table 'thinkphp.thinkphp_setting' doesn't exist
 [ SQL语句 ] : SHOW COLUMNS FROM `thinkphp_setting`
SQL: SELECT * FROM `thinkphp_setting`  [ RunTime:0.000000s ]
ERR: 1146:Table 'thinkphp.thinkphp_setting' doesn't exist
 [ SQL语句 ] : SELECT * FROM `thinkphp_setting` 
NOTIC: [2] Invalid argument supplied for foreach() D:\xampp\htdocs\tp\admin\Lib\Action\BaseAction.class.php 第 50 行.
NOTIC: [8] Undefined variable: set D:\xampp\htdocs\tp\admin\Lib\Action\BaseAction.class.php 第 53 行.
NOTIC: [8] Undefined index: iframe D:\xampp\htdocs\tp\admin\Lib\Action\BaseAction.class.php 第 58 行.
NOTIC: [8] Undefined index: menuid D:\xampp\htdocs\tp\admin\Lib\Action\IndexAction.class.php 第 21 行.
SQL: SHOW COLUMNS FROM `thinkphp_node` [ RunTime:0.031250s ]
SQL: SELECT `group_id`,`module_name`,`action_name` FROM `thinkphp_node` WHERE ( id=0 ) LIMIT 1   [ RunTime:0.000000s ]
SQL: SELECT `title` FROM `thinkphp_group` WHERE ( id=9 ) LIMIT 1   [ RunTime:0.000000s ]

[ 2013-11-30T18:07:02+08:00 ] 127.0.0.1 /tp/admin.php/Public/menu/tag/9.html
INFO: [ route_check ] --START--
INFO: CheckRoute Behavior ::run [ RunTime:0.000000s ]
INFO: [ route_check ] --END-- [ RunTime:0.000000s ]
INFO: [ app_begin ] --START--
INFO: ReadHtmlCache Behavior ::run [ RunTime:0.000000s ]
INFO: [ app_begin ] --END-- [ RunTime:0.000000s ]
NOTIC: [2048] Declaration of BaseAction::error() should be compatible with Action::error($message = '', $jumpUrl = '', $ajax = false) D:\xampp\htdocs\tp\admin\Lib\Action\BaseAction.class.php 第 268 行.
NOTIC: [2048] Declaration of BaseAction::success() should be compatible with Action::success($message = '', $jumpUrl = '', $ajax = false) D:\xampp\htdocs\tp\admin\Lib\Action\BaseAction.class.php 第 268 行.
SQL: SHOW COLUMNS FROM `thinkphp_role` [ RunTime:0.000000s ]
SQL: SELECT `name`,`status`,`remark`,`create_time`,`update_time` FROM `thinkphp_role` WHERE ( id=1 ) LIMIT 1   [ RunTime:0.000000s ]
SQL: SHOW COLUMNS FROM `thinkphp_group` [ RunTime:0.015625s ]
SQL: SELECT `id`,`title` FROM `thinkphp_group` WHERE ( status=1 ) ORDER BY sort ASC  [ RunTime:0.000000s ]
SQL: SHOW COLUMNS FROM `thinkphp_setting` [ RunTime:0.000000s ]
ERR: 1146:Table 'thinkphp.thinkphp_setting' doesn't exist
 [ SQL语句 ] : SHOW COLUMNS FROM `thinkphp_setting`
SQL: SELECT * FROM `thinkphp_setting`  [ RunTime:0.000000s ]
ERR: 1146:Table 'thinkphp.thinkphp_setting' doesn't exist
 [ SQL语句 ] : SELECT * FROM `thinkphp_setting` 
NOTIC: [2] Invalid argument supplied for foreach() D:\xampp\htdocs\tp\admin\Lib\Action\BaseAction.class.php 第 50 行.
NOTIC: [8] Undefined variable: set D:\xampp\htdocs\tp\admin\Lib\Action\BaseAction.class.php 第 53 行.
NOTIC: [8] Undefined index: iframe D:\xampp\htdocs\tp\admin\Lib\Action\BaseAction.class.php 第 58 行.
SQL: SHOW COLUMNS FROM `thinkphp_admin` [ RunTime:0.015625s ]
SQL: SELECT `role_id` FROM `thinkphp_admin` WHERE ( id=1 ) LIMIT 1   [ RunTime:0.000000s ]
SQL: SHOW COLUMNS FROM `thinkphp_access` [ RunTime:0.031250s ]
SQL: SELECT `node_id` FROM `thinkphp_access` WHERE ( role_id=1 )  [ RunTime:0.000000s ]
SQL: SHOW COLUMNS FROM `thinkphp_node` [ RunTime:0.000000s ]
SQL: select A.id,A.action,A.action_name,A.module,A.module_name,A.data from thinkphp_node A right join thinkphp_access B ON a.id = b.node_id where A.auth_type<>2 AND A.status=1 AND A.is_show=0 AND A.group_id=9 AND  B.role_id=1 [ RunTime:0.015625s ]
INFO: [ view_parse ] --START--
NOTIC: [8] Undefined variable: lang D:\xampp\htdocs\tp\admin\Runtime\Cache\f416cf810dea4d3f6272237cf732402f.php 第 1 行.
INFO: ParseTemplate Behavior ::run [ RunTime:0.015625s ]
INFO: [ view_parse ] --END-- [ RunTime:0.015625s ]
INFO: [ view_filter ] --START--
INFO: ContentReplace Behavior ::run [ RunTime:0.000000s ]
INFO: TokenBuild Behavior ::run [ RunTime:0.000000s ]
INFO: WriteHtmlCache Behavior ::run [ RunTime:0.000000s ]
INFO: ShowRuntime Behavior ::run [ RunTime:0.000000s ]
INFO: [ view_filter ] --END-- [ RunTime:0.000000s ]
INFO: [ view_end ] --START--
INFO: ShowPageTrace Behavior ::run [ RunTime:0.000000s ]
INFO: [ view_end ] --END-- [ RunTime:0.000000s ]

[ 2013-11-30T18:07:04+08:00 ] 127.0.0.1 /tp/admin.php/Index/current_pos.html?tag=1
INFO: [ route_check ] --START--
INFO: CheckRoute Behavior ::run [ RunTime:0.000000s ]
INFO: [ route_check ] --END-- [ RunTime:0.000000s ]
INFO: [ app_begin ] --START--
INFO: ReadHtmlCache Behavior ::run [ RunTime:0.000000s ]
INFO: [ app_begin ] --END-- [ RunTime:0.000000s ]
NOTIC: [2048] Declaration of BaseAction::error() should be compatible with Action::error($message = '', $jumpUrl = '', $ajax = false) D:\xampp\htdocs\tp\admin\Lib\Action\BaseAction.class.php 第 268 行.
NOTIC: [2048] Declaration of BaseAction::success() should be compatible with Action::success($message = '', $jumpUrl = '', $ajax = false) D:\xampp\htdocs\tp\admin\Lib\Action\BaseAction.class.php 第 268 行.
SQL: SHOW COLUMNS FROM `thinkphp_role` [ RunTime:0.000000s ]
SQL: SELECT `name`,`status`,`remark`,`create_time`,`update_time` FROM `thinkphp_role` WHERE ( id=1 ) LIMIT 1   [ RunTime:0.015625s ]
SQL: SHOW COLUMNS FROM `thinkphp_group` [ RunTime:0.000000s ]
SQL: SELECT `id`,`title` FROM `thinkphp_group` WHERE ( status=1 ) ORDER BY sort ASC  [ RunTime:0.000000s ]
SQL: SHOW COLUMNS FROM `thinkphp_setting` [ RunTime:0.000000s ]
ERR: 1146:Table 'thinkphp.thinkphp_setting' doesn't exist
 [ SQL语句 ] : SHOW COLUMNS FROM `thinkphp_setting`
SQL: SELECT * FROM `thinkphp_setting`  [ RunTime:0.000000s ]
ERR: 1146:Table 'thinkphp.thinkphp_setting' doesn't exist
 [ SQL语句 ] : SELECT * FROM `thinkphp_setting` 
NOTIC: [2] Invalid argument supplied for foreach() D:\xampp\htdocs\tp\admin\Lib\Action\BaseAction.class.php 第 50 行.
NOTIC: [8] Undefined variable: set D:\xampp\htdocs\tp\admin\Lib\Action\BaseAction.class.php 第 53 行.
NOTIC: [8] Undefined index: iframe D:\xampp\htdocs\tp\admin\Lib\Action\BaseAction.class.php 第 58 行.
NOTIC: [8] Undefined index: menuid D:\xampp\htdocs\tp\admin\Lib\Action\IndexAction.class.php 第 21 行.
SQL: SHOW COLUMNS FROM `thinkphp_node` [ RunTime:0.000000s ]
SQL: SELECT `group_id`,`module_name`,`action_name` FROM `thinkphp_node` WHERE ( id=0 ) LIMIT 1   [ RunTime:0.000000s ]
SQL: SELECT `title` FROM `thinkphp_group` WHERE ( id=1 ) LIMIT 1   [ RunTime:0.000000s ]

[ 2013-11-30T18:07:04+08:00 ] 127.0.0.1 /tp/admin.php/Public/menu.html?tag=1
INFO: [ route_check ] --START--
INFO: CheckRoute Behavior ::run [ RunTime:0.000000s ]
INFO: [ route_check ] --END-- [ RunTime:0.000000s ]
INFO: [ app_begin ] --START--
INFO: ReadHtmlCache Behavior ::run [ RunTime:0.000000s ]
INFO: [ app_begin ] --END-- [ RunTime:0.000000s ]
NOTIC: [2048] Declaration of BaseAction::error() should be compatible with Action::error($message = '', $jumpUrl = '', $ajax = false) D:\xampp\htdocs\tp\admin\Lib\Action\BaseAction.class.php 第 268 行.
NOTIC: [2048] Declaration of BaseAction::success() should be compatible with Action::success($message = '', $jumpUrl = '', $ajax = false) D:\xampp\htdocs\tp\admin\Lib\Action\BaseAction.class.php 第 268 行.
SQL: SHOW COLUMNS FROM `thinkphp_role` [ RunTime:0.000000s ]
SQL: SELECT `name`,`status`,`remark`,`create_time`,`update_time` FROM `thinkphp_role` WHERE ( id=1 ) LIMIT 1   [ RunTime:0.000000s ]
SQL: SHOW COLUMNS FROM `thinkphp_group` [ RunTime:0.000000s ]
SQL: SELECT `id`,`title` FROM `thinkphp_group` WHERE ( status=1 ) ORDER BY sort ASC  [ RunTime:0.000000s ]
SQL: SHOW COLUMNS FROM `thinkphp_setting` [ RunTime:0.000000s ]
ERR: 1146:Table 'thinkphp.thinkphp_setting' doesn't exist
 [ SQL语句 ] : SHOW COLUMNS FROM `thinkphp_setting`
SQL: SELECT * FROM `thinkphp_setting`  [ RunTime:0.000000s ]
ERR: 1146:Table 'thinkphp.thinkphp_setting' doesn't exist
 [ SQL语句 ] : SELECT * FROM `thinkphp_setting` 
NOTIC: [2] Invalid argument supplied for foreach() D:\xampp\htdocs\tp\admin\Lib\Action\BaseAction.class.php 第 50 行.
NOTIC: [8] Undefined variable: set D:\xampp\htdocs\tp\admin\Lib\Action\BaseAction.class.php 第 53 行.
NOTIC: [8] Undefined index: iframe D:\xampp\htdocs\tp\admin\Lib\Action\BaseAction.class.php 第 58 行.
SQL: SHOW COLUMNS FROM `thinkphp_admin` [ RunTime:0.015625s ]
SQL: SELECT `role_id` FROM `thinkphp_admin` WHERE ( id=1 ) LIMIT 1   [ RunTime:0.000000s ]
SQL: SHOW COLUMNS FROM `thinkphp_access` [ RunTime:0.000000s ]
SQL: SELECT `node_id` FROM `thinkphp_access` WHERE ( role_id=1 )  [ RunTime:0.000000s ]
SQL: SHOW COLUMNS FROM `thinkphp_node` [ RunTime:0.000000s ]
SQL: select A.id,A.action,A.action_name,A.module,A.module_name,A.data from thinkphp_node A right join thinkphp_access B ON a.id = b.node_id where A.auth_type<>2 AND A.status=1 AND A.is_show=0 AND A.group_id=1 AND  B.role_id=1 [ RunTime:0.000000s ]
INFO: [ view_parse ] --START--
NOTIC: [8] Undefined variable: lang D:\xampp\htdocs\tp\admin\Runtime\Cache\f416cf810dea4d3f6272237cf732402f.php 第 1 行.
NOTIC: [8] Undefined variable: lang D:\xampp\htdocs\tp\admin\Runtime\Cache\f416cf810dea4d3f6272237cf732402f.php 第 1 行.
NOTIC: [8] Undefined variable: lang D:\xampp\htdocs\tp\admin\Runtime\Cache\f416cf810dea4d3f6272237cf732402f.php 第 1 行.
NOTIC: [8] Undefined variable: lang D:\xampp\htdocs\tp\admin\Runtime\Cache\f416cf810dea4d3f6272237cf732402f.php 第 1 行.
NOTIC: [8] Undefined variable: lang D:\xampp\htdocs\tp\admin\Runtime\Cache\f416cf810dea4d3f6272237cf732402f.php 第 1 行.
INFO: ParseTemplate Behavior ::run [ RunTime:0.015625s ]
INFO: [ view_parse ] --END-- [ RunTime:0.015625s ]
INFO: [ view_filter ] --START--
INFO: ContentReplace Behavior ::run [ RunTime:0.000000s ]
INFO: TokenBuild Behavior ::run [ RunTime:0.000000s ]
INFO: WriteHtmlCache Behavior ::run [ RunTime:0.000000s ]
INFO: ShowRuntime Behavior ::run [ RunTime:0.000000s ]
INFO: [ view_filter ] --END-- [ RunTime:0.000000s ]
INFO: [ view_end ] --START--
INFO: ShowPageTrace Behavior ::run [ RunTime:0.000000s ]
INFO: [ view_end ] --END-- [ RunTime:0.000000s ]

[ 2013-11-30T18:07:06+08:00 ] 127.0.0.1 /tp/admin.php/Index/current_pos.html?menuid=7
INFO: [ route_check ] --START--
INFO: CheckRoute Behavior ::run [ RunTime:0.000000s ]
INFO: [ route_check ] --END-- [ RunTime:0.000000s ]
INFO: [ app_begin ] --START--
INFO: ReadHtmlCache Behavior ::run [ RunTime:0.000000s ]
INFO: [ app_begin ] --END-- [ RunTime:0.000000s ]
NOTIC: [2048] Declaration of BaseAction::error() should be compatible with Action::error($message = '', $jumpUrl = '', $ajax = false) D:\xampp\htdocs\tp\admin\Lib\Action\BaseAction.class.php 第 268 行.
NOTIC: [2048] Declaration of BaseAction::success() should be compatible with Action::success($message = '', $jumpUrl = '', $ajax = false) D:\xampp\htdocs\tp\admin\Lib\Action\BaseAction.class.php 第 268 行.
SQL: SHOW COLUMNS FROM `thinkphp_role` [ RunTime:0.000000s ]
SQL: SELECT `name`,`status`,`remark`,`create_time`,`update_time` FROM `thinkphp_role` WHERE ( id=1 ) LIMIT 1   [ RunTime:0.000000s ]
SQL: SHOW COLUMNS FROM `thinkphp_group` [ RunTime:0.015625s ]
SQL: SELECT `id`,`title` FROM `thinkphp_group` WHERE ( status=1 ) ORDER BY sort ASC  [ RunTime:0.000000s ]
SQL: SHOW COLUMNS FROM `thinkphp_setting` [ RunTime:0.000000s ]
ERR: 1146:Table 'thinkphp.thinkphp_setting' doesn't exist
 [ SQL语句 ] : SHOW COLUMNS FROM `thinkphp_setting`
SQL: SELECT * FROM `thinkphp_setting`  [ RunTime:0.000000s ]
ERR: 1146:Table 'thinkphp.thinkphp_setting' doesn't exist
 [ SQL语句 ] : SELECT * FROM `thinkphp_setting` 
NOTIC: [2] Invalid argument supplied for foreach() D:\xampp\htdocs\tp\admin\Lib\Action\BaseAction.class.php 第 50 行.
NOTIC: [8] Undefined variable: set D:\xampp\htdocs\tp\admin\Lib\Action\BaseAction.class.php 第 53 行.
NOTIC: [8] Undefined index: iframe D:\xampp\htdocs\tp\admin\Lib\Action\BaseAction.class.php 第 58 行.
NOTIC: [8] Undefined index: tag D:\xampp\htdocs\tp\admin\Lib\Action\IndexAction.class.php 第 20 行.
SQL: SHOW COLUMNS FROM `thinkphp_node` [ RunTime:0.000000s ]
SQL: SELECT `group_id`,`module_name`,`action_name` FROM `thinkphp_node` WHERE ( id=7 ) LIMIT 1   [ RunTime:0.000000s ]
SQL: SELECT `title` FROM `thinkphp_group` WHERE ( id=1 ) LIMIT 1   [ RunTime:0.000000s ]

[ 2013-11-30T18:07:06+08:00 ] 127.0.0.1 /tp/admin.php/Role/index.html
INFO: [ route_check ] --START--
INFO: CheckRoute Behavior ::run [ RunTime:0.000000s ]
INFO: [ route_check ] --END-- [ RunTime:0.000000s ]
INFO: [ app_begin ] --START--
INFO: ReadHtmlCache Behavior ::run [ RunTime:0.000000s ]
INFO: [ app_begin ] --END-- [ RunTime:0.000000s ]
NOTIC: [2048] Declaration of BaseAction::error() should be compatible with Action::error($message = '', $jumpUrl = '', $ajax = false) D:\xampp\htdocs\tp\admin\Lib\Action\BaseAction.class.php 第 268 行.
NOTIC: [2048] Declaration of BaseAction::success() should be compatible with Action::success($message = '', $jumpUrl = '', $ajax = false) D:\xampp\htdocs\tp\admin\Lib\Action\BaseAction.class.php 第 268 行.
SQL: SHOW COLUMNS FROM `thinkphp_role` [ RunTime:0.000000s ]
SQL: SELECT `name`,`status`,`remark`,`create_time`,`update_time` FROM `thinkphp_role` WHERE ( id=1 ) LIMIT 1   [ RunTime:0.000000s ]
SQL: SHOW COLUMNS FROM `thinkphp_group` [ RunTime:0.015625s ]
SQL: SELECT `id`,`title` FROM `thinkphp_group` WHERE ( status=1 ) ORDER BY sort ASC  [ RunTime:0.000000s ]
SQL: SHOW COLUMNS FROM `thinkphp_setting` [ RunTime:0.000000s ]
ERR: 1146:Table 'thinkphp.thinkphp_setting' doesn't exist
 [ SQL语句 ] : SHOW COLUMNS FROM `thinkphp_setting`
SQL: SELECT * FROM `thinkphp_setting`  [ RunTime:0.000000s ]
ERR: 1146:Table 'thinkphp.thinkphp_setting' doesn't exist
 [ SQL语句 ] : SELECT * FROM `thinkphp_setting` 
NOTIC: [2] Invalid argument supplied for foreach() D:\xampp\htdocs\tp\admin\Lib\Action\BaseAction.class.php 第 50 行.
NOTIC: [8] Undefined variable: set D:\xampp\htdocs\tp\admin\Lib\Action\BaseAction.class.php 第 53 行.
NOTIC: [8] Undefined index: iframe D:\xampp\htdocs\tp\admin\Lib\Action\BaseAction.class.php 第 58 行.
SQL: SELECT COUNT(*) AS tp_count FROM `thinkphp_role` LIMIT 1   [ RunTime:0.000000s ]
SQL: SELECT * FROM `thinkphp_role` LIMIT 0,30   [ RunTime:0.000000s ]
INFO: [ view_parse ] --START--
NOTIC: [8] Undefined variable: sub_menu D:\xampp\htdocs\tp\admin\Runtime\Cache\8e446ceb780f5f90953488f914992bc7.php 第 36 行.
INFO: ParseTemplate Behavior ::run [ RunTime:0.015625s ]
INFO: [ view_parse ] --END-- [ RunTime:0.015625s ]
INFO: [ view_filter ] --START--
INFO: ContentReplace Behavior ::run [ RunTime:0.000000s ]
INFO: TokenBuild Behavior ::run [ RunTime:0.000000s ]
INFO: WriteHtmlCache Behavior ::run [ RunTime:0.000000s ]
INFO: ShowRuntime Behavior ::run [ RunTime:0.000000s ]
INFO: [ view_filter ] --END-- [ RunTime:0.000000s ]
INFO: [ view_end ] --START--
INFO: ShowPageTrace Behavior ::run [ RunTime:0.000000s ]
INFO: [ view_end ] --END-- [ RunTime:0.000000s ]

[ 2013-11-30T18:07:06+08:00 ] 127.0.0.1 /tp/admin.php/Index/current_pos.html?tag=8
INFO: [ route_check ] --START--
INFO: CheckRoute Behavior ::run [ RunTime:0.000000s ]
INFO: [ route_check ] --END-- [ RunTime:0.000000s ]
INFO: [ app_begin ] --START--
INFO: ReadHtmlCache Behavior ::run [ RunTime:0.000000s ]
INFO: [ app_begin ] --END-- [ RunTime:0.000000s ]
NOTIC: [2048] Declaration of BaseAction::error() should be compatible with Action::error($message = '', $jumpUrl = '', $ajax = false) D:\xampp\htdocs\tp\admin\Lib\Action\BaseAction.class.php 第 268 行.
NOTIC: [2048] Declaration of BaseAction::success() should be compatible with Action::success($message = '', $jumpUrl = '', $ajax = false) D:\xampp\htdocs\tp\admin\Lib\Action\BaseAction.class.php 第 268 行.
SQL: SHOW COLUMNS FROM `thinkphp_role` [ RunTime:0.015625s ]
SQL: SELECT `name`,`status`,`remark`,`create_time`,`update_time` FROM `thinkphp_role` WHERE ( id=1 ) LIMIT 1   [ RunTime:0.000000s ]
SQL: SHOW COLUMNS FROM `thinkphp_group` [ RunTime:0.000000s ]
SQL: SELECT `id`,`title` FROM `thinkphp_group` WHERE ( status=1 ) ORDER BY sort ASC  [ RunTime:0.000000s ]
SQL: SHOW COLUMNS FROM `thinkphp_setting` [ RunTime:0.000000s ]
ERR: 1146:Table 'thinkphp.thinkphp_setting' doesn't exist
 [ SQL语句 ] : SHOW COLUMNS FROM `thinkphp_setting`
SQL: SELECT * FROM `thinkphp_setting`  [ RunTime:0.000000s ]
ERR: 1146:Table 'thinkphp.thinkphp_setting' doesn't exist
 [ SQL语句 ] : SELECT * FROM `thinkphp_setting` 
NOTIC: [2] Invalid argument supplied for foreach() D:\xampp\htdocs\tp\admin\Lib\Action\BaseAction.class.php 第 50 行.
NOTIC: [8] Undefined variable: set D:\xampp\htdocs\tp\admin\Lib\Action\BaseAction.class.php 第 53 行.
NOTIC: [8] Undefined index: iframe D:\xampp\htdocs\tp\admin\Lib\Action\BaseAction.class.php 第 58 行.
NOTIC: [8] Undefined index: menuid D:\xampp\htdocs\tp\admin\Lib\Action\IndexAction.class.php 第 21 行.
SQL: SHOW COLUMNS FROM `thinkphp_node` [ RunTime:0.015625s ]
SQL: SELECT `group_id`,`module_name`,`action_name` FROM `thinkphp_node` WHERE ( id=0 ) LIMIT 1   [ RunTime:0.000000s ]
SQL: SELECT `title` FROM `thinkphp_group` WHERE ( id=8 ) LIMIT 1   [ RunTime:0.000000s ]

[ 2013-11-30T18:07:06+08:00 ] 127.0.0.1 /tp/admin.php/Public/menu.html?tag=8
INFO: [ route_check ] --START--
INFO: CheckRoute Behavior ::run [ RunTime:0.000000s ]
INFO: [ route_check ] --END-- [ RunTime:0.000000s ]
INFO: [ app_begin ] --START--
INFO: ReadHtmlCache Behavior ::run [ RunTime:0.000000s ]
INFO: [ app_begin ] --END-- [ RunTime:0.000000s ]
NOTIC: [2048] Declaration of BaseAction::error() should be compatible with Action::error($message = '', $jumpUrl = '', $ajax = false) D:\xampp\htdocs\tp\admin\Lib\Action\BaseAction.class.php 第 268 行.
NOTIC: [2048] Declaration of BaseAction::success() should be compatible with Action::success($message = '', $jumpUrl = '', $ajax = false) D:\xampp\htdocs\tp\admin\Lib\Action\BaseAction.class.php 第 268 行.
SQL: SHOW COLUMNS FROM `thinkphp_role` [ RunTime:0.000000s ]
SQL: SELECT `name`,`status`,`remark`,`create_time`,`update_time` FROM `thinkphp_role` WHERE ( id=1 ) LIMIT 1   [ RunTime:0.000000s ]
SQL: SHOW COLUMNS FROM `thinkphp_group` [ RunTime:0.000000s ]
SQL: SELECT `id`,`title` FROM `thinkphp_group` WHERE ( status=1 ) ORDER BY sort ASC  [ RunTime:0.000000s ]
SQL: SHOW COLUMNS FROM `thinkphp_setting` [ RunTime:0.000000s ]
ERR: 1146:Table 'thinkphp.thinkphp_setting' doesn't exist
 [ SQL语句 ] : SHOW COLUMNS FROM `thinkphp_setting`
SQL: SELECT * FROM `thinkphp_setting`  [ RunTime:0.000000s ]
ERR: 1146:Table 'thinkphp.thinkphp_setting' doesn't exist
 [ SQL语句 ] : SELECT * FROM `thinkphp_setting` 
NOTIC: [2] Invalid argument supplied for foreach() D:\xampp\htdocs\tp\admin\Lib\Action\BaseAction.class.php 第 50 行.
NOTIC: [8] Undefined variable: set D:\xampp\htdocs\tp\admin\Lib\Action\BaseAction.class.php 第 53 行.
NOTIC: [8] Undefined index: iframe D:\xampp\htdocs\tp\admin\Lib\Action\BaseAction.class.php 第 58 行.
SQL: SHOW COLUMNS FROM `thinkphp_admin` [ RunTime:0.000000s ]
SQL: SELECT `role_id` FROM `thinkphp_admin` WHERE ( id=1 ) LIMIT 1   [ RunTime:0.000000s ]
SQL: SHOW COLUMNS FROM `thinkphp_access` [ RunTime:0.000000s ]
SQL: SELECT `node_id` FROM `thinkphp_access` WHERE ( role_id=1 )  [ RunTime:0.000000s ]
SQL: SHOW COLUMNS FROM `thinkphp_node` [ RunTime:0.015625s ]
SQL: select A.id,A.action,A.action_name,A.module,A.module_name,A.data from thinkphp_node A right join thinkphp_access B ON a.id = b.node_id where A.auth_type<>2 AND A.status=1 AND A.is_show=0 AND A.group_id=8 AND  B.role_id=1 [ RunTime:0.000000s ]
INFO: [ view_parse ] --START--
INFO: ParseTemplate Behavior ::run [ RunTime:0.000000s ]
INFO: [ view_parse ] --END-- [ RunTime:0.000000s ]
INFO: [ view_filter ] --START--
INFO: ContentReplace Behavior ::run [ RunTime:0.000000s ]
INFO: TokenBuild Behavior ::run [ RunTime:0.000000s ]
INFO: WriteHtmlCache Behavior ::run [ RunTime:0.000000s ]
INFO: ShowRuntime Behavior ::run [ RunTime:0.000000s ]
INFO: [ view_filter ] --END-- [ RunTime:0.000000s ]
INFO: [ view_end ] --START--
INFO: ShowPageTrace Behavior ::run [ RunTime:0.000000s ]
INFO: [ view_end ] --END-- [ RunTime:0.000000s ]

[ 2013-11-30T18:07:08+08:00 ] 127.0.0.1 /tp/admin.php/Index/current_pos.html?tag=4
INFO: [ route_check ] --START--
INFO: CheckRoute Behavior ::run [ RunTime:0.000000s ]
INFO: [ route_check ] --END-- [ RunTime:0.000000s ]
INFO: [ app_begin ] --START--
INFO: ReadHtmlCache Behavior ::run [ RunTime:0.000000s ]
INFO: [ app_begin ] --END-- [ RunTime:0.000000s ]
NOTIC: [2048] Declaration of BaseAction::error() should be compatible with Action::error($message = '', $jumpUrl = '', $ajax = false) D:\xampp\htdocs\tp\admin\Lib\Action\BaseAction.class.php 第 268 行.
NOTIC: [2048] Declaration of BaseAction::success() should be compatible with Action::success($message = '', $jumpUrl = '', $ajax = false) D:\xampp\htdocs\tp\admin\Lib\Action\BaseAction.class.php 第 268 行.
SQL: SHOW COLUMNS FROM `thinkphp_role` [ RunTime:0.015625s ]
SQL: SELECT `name`,`status`,`remark`,`create_time`,`update_time` FROM `thinkphp_role` WHERE ( id=1 ) LIMIT 1   [ RunTime:0.000000s ]
SQL: SHOW COLUMNS FROM `thinkphp_group` [ RunTime:0.000000s ]
SQL: SELECT `id`,`title` FROM `thinkphp_group` WHERE ( status=1 ) ORDER BY sort ASC  [ RunTime:0.000000s ]
SQL: SHOW COLUMNS FROM `thinkphp_setting` [ RunTime:0.000000s ]
ERR: 1146:Table 'thinkphp.thinkphp_setting' doesn't exist
 [ SQL语句 ] : SHOW COLUMNS FROM `thinkphp_setting`
SQL: SELECT * FROM `thinkphp_setting`  [ RunTime:0.000000s ]
ERR: 1146:Table 'thinkphp.thinkphp_setting' doesn't exist
 [ SQL语句 ] : SELECT * FROM `thinkphp_setting` 
NOTIC: [2] Invalid argument supplied for foreach() D:\xampp\htdocs\tp\admin\Lib\Action\BaseAction.class.php 第 50 行.
NOTIC: [8] Undefined variable: set D:\xampp\htdocs\tp\admin\Lib\Action\BaseAction.class.php 第 53 行.
NOTIC: [8] Undefined index: iframe D:\xampp\htdocs\tp\admin\Lib\Action\BaseAction.class.php 第 58 行.
NOTIC: [8] Undefined index: menuid D:\xampp\htdocs\tp\admin\Lib\Action\IndexAction.class.php 第 21 行.
SQL: SHOW COLUMNS FROM `thinkphp_node` [ RunTime:0.000000s ]
SQL: SELECT `group_id`,`module_name`,`action_name` FROM `thinkphp_node` WHERE ( id=0 ) LIMIT 1   [ RunTime:0.000000s ]
SQL: SELECT `title` FROM `thinkphp_group` WHERE ( id=4 ) LIMIT 1   [ RunTime:0.000000s ]

[ 2013-11-30T18:07:08+08:00 ] 127.0.0.1 /tp/admin.php/Public/menu.html?tag=4
INFO: [ route_check ] --START--
INFO: CheckRoute Behavior ::run [ RunTime:0.000000s ]
INFO: [ route_check ] --END-- [ RunTime:0.000000s ]
INFO: [ app_begin ] --START--
INFO: ReadHtmlCache Behavior ::run [ RunTime:0.000000s ]
INFO: [ app_begin ] --END-- [ RunTime:0.000000s ]
NOTIC: [2048] Declaration of BaseAction::error() should be compatible with Action::error($message = '', $jumpUrl = '', $ajax = false) D:\xampp\htdocs\tp\admin\Lib\Action\BaseAction.class.php 第 268 行.
NOTIC: [2048] Declaration of BaseAction::success() should be compatible with Action::success($message = '', $jumpUrl = '', $ajax = false) D:\xampp\htdocs\tp\admin\Lib\Action\BaseAction.class.php 第 268 行.
SQL: SHOW COLUMNS FROM `thinkphp_role` [ RunTime:0.000000s ]
SQL: SELECT `name`,`status`,`remark`,`create_time`,`update_time` FROM `thinkphp_role` WHERE ( id=1 ) LIMIT 1   [ RunTime:0.000000s ]
SQL: SHOW COLUMNS FROM `thinkphp_group` [ RunTime:0.000000s ]
SQL: SELECT `id`,`title` FROM `thinkphp_group` WHERE ( status=1 ) ORDER BY sort ASC  [ RunTime:0.000000s ]
SQL: SHOW COLUMNS FROM `thinkphp_setting` [ RunTime:0.000000s ]
ERR: 1146:Table 'thinkphp.thinkphp_setting' doesn't exist
 [ SQL语句 ] : SHOW COLUMNS FROM `thinkphp_setting`
SQL: SELECT * FROM `thinkphp_setting`  [ RunTime:0.015625s ]
ERR: 1146:Table 'thinkphp.thinkphp_setting' doesn't exist
 [ SQL语句 ] : SELECT * FROM `thinkphp_setting` 
NOTIC: [2] Invalid argument supplied for foreach() D:\xampp\htdocs\tp\admin\Lib\Action\BaseAction.class.php 第 50 行.
NOTIC: [8] Undefined variable: set D:\xampp\htdocs\tp\admin\Lib\Action\BaseAction.class.php 第 53 行.
NOTIC: [8] Undefined index: iframe D:\xampp\htdocs\tp\admin\Lib\Action\BaseAction.class.php 第 58 行.
SQL: SHOW COLUMNS FROM `thinkphp_admin` [ RunTime:0.000000s ]
SQL: SELECT `role_id` FROM `thinkphp_admin` WHERE ( id=1 ) LIMIT 1   [ RunTime:0.000000s ]
SQL: SHOW COLUMNS FROM `thinkphp_access` [ RunTime:0.000000s ]
SQL: SELECT `node_id` FROM `thinkphp_access` WHERE ( role_id=1 )  [ RunTime:0.000000s ]
SQL: SHOW COLUMNS FROM `thinkphp_node` [ RunTime:0.000000s ]
SQL: select A.id,A.action,A.action_name,A.module,A.module_name,A.data from thinkphp_node A right join thinkphp_access B ON a.id = b.node_id where A.auth_type<>2 AND A.status=1 AND A.is_show=0 AND A.group_id=4 AND  B.role_id=1 [ RunTime:0.000000s ]
INFO: [ view_parse ] --START--
NOTIC: [8] Undefined variable: lang D:\xampp\htdocs\tp\admin\Runtime\Cache\f416cf810dea4d3f6272237cf732402f.php 第 1 行.
NOTIC: [8] Undefined variable: lang D:\xampp\htdocs\tp\admin\Runtime\Cache\f416cf810dea4d3f6272237cf732402f.php 第 1 行.
NOTIC: [8] Undefined variable: lang D:\xampp\htdocs\tp\admin\Runtime\Cache\f416cf810dea4d3f6272237cf732402f.php 第 1 行.
INFO: ParseTemplate Behavior ::run [ RunTime:0.015625s ]
INFO: [ view_parse ] --END-- [ RunTime:0.015625s ]
INFO: [ view_filter ] --START--
INFO: ContentReplace Behavior ::run [ RunTime:0.000000s ]
INFO: TokenBuild Behavior ::run [ RunTime:0.000000s ]
INFO: WriteHtmlCache Behavior ::run [ RunTime:0.000000s ]
INFO: ShowRuntime Behavior ::run [ RunTime:0.000000s ]
INFO: [ view_filter ] --END-- [ RunTime:0.000000s ]
INFO: [ view_end ] --START--
INFO: ShowPageTrace Behavior ::run [ RunTime:0.000000s ]
INFO: [ view_end ] --END-- [ RunTime:0.000000s ]

[ 2013-11-30T18:07:09+08:00 ] 127.0.0.1 /tp/admin.php/Index/current_pos.html?tag=9
INFO: [ route_check ] --START--
INFO: CheckRoute Behavior ::run [ RunTime:0.000000s ]
INFO: [ route_check ] --END-- [ RunTime:0.000000s ]
INFO: [ app_begin ] --START--
INFO: ReadHtmlCache Behavior ::run [ RunTime:0.000000s ]
INFO: [ app_begin ] --END-- [ RunTime:0.000000s ]
NOTIC: [2048] Declaration of BaseAction::error() should be compatible with Action::error($message = '', $jumpUrl = '', $ajax = false) D:\xampp\htdocs\tp\admin\Lib\Action\BaseAction.class.php 第 268 行.
NOTIC: [2048] Declaration of BaseAction::success() should be compatible with Action::success($message = '', $jumpUrl = '', $ajax = false) D:\xampp\htdocs\tp\admin\Lib\Action\BaseAction.class.php 第 268 行.
SQL: SHOW COLUMNS FROM `thinkphp_role` [ RunTime:0.000000s ]
SQL: SELECT `name`,`status`,`remark`,`create_time`,`update_time` FROM `thinkphp_role` WHERE ( id=1 ) LIMIT 1   [ RunTime:0.000000s ]
SQL: SHOW COLUMNS FROM `thinkphp_group` [ RunTime:0.000000s ]
SQL: SELECT `id`,`title` FROM `thinkphp_group` WHERE ( status=1 ) ORDER BY sort ASC  [ RunTime:0.000000s ]
SQL: SHOW COLUMNS FROM `thinkphp_setting` [ RunTime:0.000000s ]
ERR: 1146:Table 'thinkphp.thinkphp_setting' doesn't exist
 [ SQL语句 ] : SHOW COLUMNS FROM `thinkphp_setting`
SQL: SELECT * FROM `thinkphp_setting`  [ RunTime:0.000000s ]
ERR: 1146:Table 'thinkphp.thinkphp_setting' doesn't exist
 [ SQL语句 ] : SELECT * FROM `thinkphp_setting` 
NOTIC: [2] Invalid argument supplied for foreach() D:\xampp\htdocs\tp\admin\Lib\Action\BaseAction.class.php 第 50 行.
NOTIC: [8] Undefined variable: set D:\xampp\htdocs\tp\admin\Lib\Action\BaseAction.class.php 第 53 行.
NOTIC: [8] Undefined index: iframe D:\xampp\htdocs\tp\admin\Lib\Action\BaseAction.class.php 第 58 行.
NOTIC: [8] Undefined index: menuid D:\xampp\htdocs\tp\admin\Lib\Action\IndexAction.class.php 第 21 行.
SQL: SHOW COLUMNS FROM `thinkphp_node` [ RunTime:0.000000s ]
SQL: SELECT `group_id`,`module_name`,`action_name` FROM `thinkphp_node` WHERE ( id=0 ) LIMIT 1   [ RunTime:0.000000s ]
SQL: SELECT `title` FROM `thinkphp_group` WHERE ( id=9 ) LIMIT 1   [ RunTime:0.000000s ]

[ 2013-11-30T18:07:09+08:00 ] 127.0.0.1 /tp/admin.php/Public/menu.html?tag=9
INFO: [ route_check ] --START--
INFO: CheckRoute Behavior ::run [ RunTime:0.000000s ]
INFO: [ route_check ] --END-- [ RunTime:0.000000s ]
INFO: [ app_begin ] --START--
INFO: ReadHtmlCache Behavior ::run [ RunTime:0.000000s ]
INFO: [ app_begin ] --END-- [ RunTime:0.000000s ]
NOTIC: [2048] Declaration of BaseAction::error() should be compatible with Action::error($message = '', $jumpUrl = '', $ajax = false) D:\xampp\htdocs\tp\admin\Lib\Action\BaseAction.class.php 第 268 行.
NOTIC: [2048] Declaration of BaseAction::success() should be compatible with Action::success($message = '', $jumpUrl = '', $ajax = false) D:\xampp\htdocs\tp\admin\Lib\Action\BaseAction.class.php 第 268 行.
SQL: SHOW COLUMNS FROM `thinkphp_role` [ RunTime:0.015625s ]
SQL: SELECT `name`,`status`,`remark`,`create_time`,`update_time` FROM `thinkphp_role` WHERE ( id=1 ) LIMIT 1   [ RunTime:0.000000s ]
SQL: SHOW COLUMNS FROM `thinkphp_group` [ RunTime:0.000000s ]
SQL: SELECT `id`,`title` FROM `thinkphp_group` WHERE ( status=1 ) ORDER BY sort ASC  [ RunTime:0.000000s ]
SQL: SHOW COLUMNS FROM `thinkphp_setting` [ RunTime:0.000000s ]
ERR: 1146:Table 'thinkphp.thinkphp_setting' doesn't exist
 [ SQL语句 ] : SHOW COLUMNS FROM `thinkphp_setting`
SQL: SELECT * FROM `thinkphp_setting`  [ RunTime:0.000000s ]
ERR: 1146:Table 'thinkphp.thinkphp_setting' doesn't exist
 [ SQL语句 ] : SELECT * FROM `thinkphp_setting` 
NOTIC: [2] Invalid argument supplied for foreach() D:\xampp\htdocs\tp\admin\Lib\Action\BaseAction.class.php 第 50 行.
NOTIC: [8] Undefined variable: set D:\xampp\htdocs\tp\admin\Lib\Action\BaseAction.class.php 第 53 行.
NOTIC: [8] Undefined index: iframe D:\xampp\htdocs\tp\admin\Lib\Action\BaseAction.class.php 第 58 行.
SQL: SHOW COLUMNS FROM `thinkphp_admin` [ RunTime:0.000000s ]
SQL: SELECT `role_id` FROM `thinkphp_admin` WHERE ( id=1 ) LIMIT 1   [ RunTime:0.000000s ]
SQL: SHOW COLUMNS FROM `thinkphp_access` [ RunTime:0.000000s ]
SQL: SELECT `node_id` FROM `thinkphp_access` WHERE ( role_id=1 )  [ RunTime:0.000000s ]
SQL: SHOW COLUMNS FROM `thinkphp_node` [ RunTime:0.000000s ]
SQL: select A.id,A.action,A.action_name,A.module,A.module_name,A.data from thinkphp_node A right join thinkphp_access B ON a.id = b.node_id where A.auth_type<>2 AND A.status=1 AND A.is_show=0 AND A.group_id=9 AND  B.role_id=1 [ RunTime:0.000000s ]
INFO: [ view_parse ] --START--
NOTIC: [8] Undefined variable: lang D:\xampp\htdocs\tp\admin\Runtime\Cache\f416cf810dea4d3f6272237cf732402f.php 第 1 行.
INFO: ParseTemplate Behavior ::run [ RunTime:0.000000s ]
INFO: [ view_parse ] --END-- [ RunTime:0.000000s ]
INFO: [ view_filter ] --START--
INFO: ContentReplace Behavior ::run [ RunTime:0.000000s ]
INFO: TokenBuild Behavior ::run [ RunTime:0.000000s ]
INFO: WriteHtmlCache Behavior ::run [ RunTime:0.015625s ]
INFO: ShowRuntime Behavior ::run [ RunTime:0.000000s ]
INFO: [ view_filter ] --END-- [ RunTime:0.015625s ]
INFO: [ view_end ] --START--
INFO: ShowPageTrace Behavior ::run [ RunTime:0.000000s ]
INFO: [ view_end ] --END-- [ RunTime:0.000000s ]

[ 2013-11-30T18:07:10+08:00 ] 127.0.0.1 /tp/admin.php/Public/menu.html?tag=4
INFO: [ route_check ] --START--
INFO: CheckRoute Behavior ::run [ RunTime:0.000000s ]
INFO: [ route_check ] --END-- [ RunTime:0.000000s ]
INFO: [ app_begin ] --START--
INFO: ReadHtmlCache Behavior ::run [ RunTime:0.000000s ]
INFO: [ app_begin ] --END-- [ RunTime:0.000000s ]
NOTIC: [2048] Declaration of BaseAction::error() should be compatible with Action::error($message = '', $jumpUrl = '', $ajax = false) D:\xampp\htdocs\tp\admin\Lib\Action\BaseAction.class.php 第 268 行.
NOTIC: [2048] Declaration of BaseAction::success() should be compatible with Action::success($message = '', $jumpUrl = '', $ajax = false) D:\xampp\htdocs\tp\admin\Lib\Action\BaseAction.class.php 第 268 行.
SQL: SHOW COLUMNS FROM `thinkphp_role` [ RunTime:0.000000s ]
SQL: SELECT `name`,`status`,`remark`,`create_time`,`update_time` FROM `thinkphp_role` WHERE ( id=1 ) LIMIT 1   [ RunTime:0.000000s ]
SQL: SHOW COLUMNS FROM `thinkphp_group` [ RunTime:0.000000s ]
SQL: SELECT `id`,`title` FROM `thinkphp_group` WHERE ( status=1 ) ORDER BY sort ASC  [ RunTime:0.000000s ]
SQL: SHOW COLUMNS FROM `thinkphp_setting` [ RunTime:0.000000s ]
ERR: 1146:Table 'thinkphp.thinkphp_setting' doesn't exist
 [ SQL语句 ] : SHOW COLUMNS FROM `thinkphp_setting`
SQL: SELECT * FROM `thinkphp_setting`  [ RunTime:0.000000s ]
ERR: 1146:Table 'thinkphp.thinkphp_setting' doesn't exist
 [ SQL语句 ] : SELECT * FROM `thinkphp_setting` 
NOTIC: [2] Invalid argument supplied for foreach() D:\xampp\htdocs\tp\admin\Lib\Action\BaseAction.class.php 第 50 行.
NOTIC: [8] Undefined variable: set D:\xampp\htdocs\tp\admin\Lib\Action\BaseAction.class.php 第 53 行.
NOTIC: [8] Undefined index: iframe D:\xampp\htdocs\tp\admin\Lib\Action\BaseAction.class.php 第 58 行.
SQL: SHOW COLUMNS FROM `thinkphp_admin` [ RunTime:0.015625s ]
SQL: SELECT `role_id` FROM `thinkphp_admin` WHERE ( id=1 ) LIMIT 1   [ RunTime:0.000000s ]
SQL: SHOW COLUMNS FROM `thinkphp_access` [ RunTime:0.000000s ]
SQL: SELECT `node_id` FROM `thinkphp_access` WHERE ( role_id=1 )  [ RunTime:0.000000s ]
SQL: SHOW COLUMNS FROM `thinkphp_node` [ RunTime:0.000000s ]
SQL: select A.id,A.action,A.action_name,A.module,A.module_name,A.data from thinkphp_node A right join thinkphp_access B ON a.id = b.node_id where A.auth_type<>2 AND A.status=1 AND A.is_show=0 AND A.group_id=4 AND  B.role_id=1 [ RunTime:0.000000s ]
INFO: [ view_parse ] --START--
NOTIC: [8] Undefined variable: lang D:\xampp\htdocs\tp\admin\Runtime\Cache\f416cf810dea4d3f6272237cf732402f.php 第 1 行.
NOTIC: [8] Undefined variable: lang D:\xampp\htdocs\tp\admin\Runtime\Cache\f416cf810dea4d3f6272237cf732402f.php 第 1 行.
NOTIC: [8] Undefined variable: lang D:\xampp\htdocs\tp\admin\Runtime\Cache\f416cf810dea4d3f6272237cf732402f.php 第 1 行.
INFO: ParseTemplate Behavior ::run [ RunTime:0.015625s ]
INFO: [ view_parse ] --END-- [ RunTime:0.015625s ]
INFO: [ view_filter ] --START--
INFO: ContentReplace Behavior ::run [ RunTime:0.000000s ]
INFO: TokenBuild Behavior ::run [ RunTime:0.000000s ]
INFO: WriteHtmlCache Behavior ::run [ RunTime:0.000000s ]
INFO: ShowRuntime Behavior ::run [ RunTime:0.000000s ]
INFO: [ view_filter ] --END-- [ RunTime:0.000000s ]
INFO: [ view_end ] --START--
INFO: ShowPageTrace Behavior ::run [ RunTime:0.000000s ]
INFO: [ view_end ] --END-- [ RunTime:0.000000s ]

[ 2013-11-30T18:07:10+08:00 ] 127.0.0.1 /tp/admin.php/Index/current_pos.html?tag=4
INFO: [ route_check ] --START--
INFO: CheckRoute Behavior ::run [ RunTime:0.000000s ]
INFO: [ route_check ] --END-- [ RunTime:0.000000s ]
INFO: [ app_begin ] --START--
INFO: ReadHtmlCache Behavior ::run [ RunTime:0.000000s ]
INFO: [ app_begin ] --END-- [ RunTime:0.000000s ]
NOTIC: [2048] Declaration of BaseAction::error() should be compatible with Action::error($message = '', $jumpUrl = '', $ajax = false) D:\xampp\htdocs\tp\admin\Lib\Action\BaseAction.class.php 第 268 行.
NOTIC: [2048] Declaration of BaseAction::success() should be compatible with Action::success($message = '', $jumpUrl = '', $ajax = false) D:\xampp\htdocs\tp\admin\Lib\Action\BaseAction.class.php 第 268 行.
SQL: SHOW COLUMNS FROM `thinkphp_role` [ RunTime:0.000000s ]
SQL: SELECT `name`,`status`,`remark`,`create_time`,`update_time` FROM `thinkphp_role` WHERE ( id=1 ) LIMIT 1   [ RunTime:0.000000s ]
SQL: SHOW COLUMNS FROM `thinkphp_group` [ RunTime:0.015625s ]
SQL: SELECT `id`,`title` FROM `thinkphp_group` WHERE ( status=1 ) ORDER BY sort ASC  [ RunTime:0.000000s ]
SQL: SHOW COLUMNS FROM `thinkphp_setting` [ RunTime:0.000000s ]
ERR: 1146:Table 'thinkphp.thinkphp_setting' doesn't exist
 [ SQL语句 ] : SHOW COLUMNS FROM `thinkphp_setting`
SQL: SELECT * FROM `thinkphp_setting`  [ RunTime:0.000000s ]
ERR: 1146:Table 'thinkphp.thinkphp_setting' doesn't exist
 [ SQL语句 ] : SELECT * FROM `thinkphp_setting` 
NOTIC: [2] Invalid argument supplied for foreach() D:\xampp\htdocs\tp\admin\Lib\Action\BaseAction.class.php 第 50 行.
NOTIC: [8] Undefined variable: set D:\xampp\htdocs\tp\admin\Lib\Action\BaseAction.class.php 第 53 行.
NOTIC: [8] Undefined index: iframe D:\xampp\htdocs\tp\admin\Lib\Action\BaseAction.class.php 第 58 行.
NOTIC: [8] Undefined index: menuid D:\xampp\htdocs\tp\admin\Lib\Action\IndexAction.class.php 第 21 行.
SQL: SHOW COLUMNS FROM `thinkphp_node` [ RunTime:0.000000s ]
SQL: SELECT `group_id`,`module_name`,`action_name` FROM `thinkphp_node` WHERE ( id=0 ) LIMIT 1   [ RunTime:0.000000s ]
SQL: SELECT `title` FROM `thinkphp_group` WHERE ( id=4 ) LIMIT 1   [ RunTime:0.000000s ]

[ 2013-11-30T18:07:12+08:00 ] 127.0.0.1 /tp/admin.php/Index/current_pos.html?tag=8
INFO: [ route_check ] --START--
INFO: CheckRoute Behavior ::run [ RunTime:0.000000s ]
INFO: [ route_check ] --END-- [ RunTime:0.000000s ]
INFO: [ app_begin ] --START--
INFO: ReadHtmlCache Behavior ::run [ RunTime:0.015625s ]
INFO: [ app_begin ] --END-- [ RunTime:0.015625s ]
NOTIC: [2048] Declaration of BaseAction::error() should be compatible with Action::error($message = '', $jumpUrl = '', $ajax = false) D:\xampp\htdocs\tp\admin\Lib\Action\BaseAction.class.php 第 268 行.
NOTIC: [2048] Declaration of BaseAction::success() should be compatible with Action::success($message = '', $jumpUrl = '', $ajax = false) D:\xampp\htdocs\tp\admin\Lib\Action\BaseAction.class.php 第 268 行.
SQL: SHOW COLUMNS FROM `thinkphp_role` [ RunTime:0.000000s ]
SQL: SELECT `name`,`status`,`remark`,`create_time`,`update_time` FROM `thinkphp_role` WHERE ( id=1 ) LIMIT 1   [ RunTime:0.000000s ]
SQL: SHOW COLUMNS FROM `thinkphp_group` [ RunTime:0.015625s ]
SQL: SELECT `id`,`title` FROM `thinkphp_group` WHERE ( status=1 ) ORDER BY sort ASC  [ RunTime:0.000000s ]
SQL: SHOW COLUMNS FROM `thinkphp_setting` [ RunTime:0.000000s ]
ERR: 1146:Table 'thinkphp.thinkphp_setting' doesn't exist
 [ SQL语句 ] : SHOW COLUMNS FROM `thinkphp_setting`
SQL: SELECT * FROM `thinkphp_setting`  [ RunTime:0.000000s ]
ERR: 1146:Table 'thinkphp.thinkphp_setting' doesn't exist
 [ SQL语句 ] : SELECT * FROM `thinkphp_setting` 
NOTIC: [2] Invalid argument supplied for foreach() D:\xampp\htdocs\tp\admin\Lib\Action\BaseAction.class.php 第 50 行.
NOTIC: [8] Undefined variable: set D:\xampp\htdocs\tp\admin\Lib\Action\BaseAction.class.php 第 53 行.
NOTIC: [8] Undefined index: iframe D:\xampp\htdocs\tp\admin\Lib\Action\BaseAction.class.php 第 58 行.
NOTIC: [8] Undefined index: menuid D:\xampp\htdocs\tp\admin\Lib\Action\IndexAction.class.php 第 21 行.
SQL: SHOW COLUMNS FROM `thinkphp_node` [ RunTime:0.000000s ]
SQL: SELECT `group_id`,`module_name`,`action_name` FROM `thinkphp_node` WHERE ( id=0 ) LIMIT 1   [ RunTime:0.000000s ]
SQL: SELECT `title` FROM `thinkphp_group` WHERE ( id=8 ) LIMIT 1   [ RunTime:0.000000s ]

[ 2013-11-30T18:07:12+08:00 ] 127.0.0.1 /tp/admin.php/Public/menu.html?tag=8
INFO: [ route_check ] --START--
INFO: CheckRoute Behavior ::run [ RunTime:0.000000s ]
INFO: [ route_check ] --END-- [ RunTime:0.000000s ]
INFO: [ app_begin ] --START--
INFO: ReadHtmlCache Behavior ::run [ RunTime:0.015625s ]
INFO: [ app_begin ] --END-- [ RunTime:0.015625s ]
NOTIC: [2048] Declaration of BaseAction::error() should be compatible with Action::error($message = '', $jumpUrl = '', $ajax = false) D:\xampp\htdocs\tp\admin\Lib\Action\BaseAction.class.php 第 268 行.
NOTIC: [2048] Declaration of BaseAction::success() should be compatible with Action::success($message = '', $jumpUrl = '', $ajax = false) D:\xampp\htdocs\tp\admin\Lib\Action\BaseAction.class.php 第 268 行.
SQL: SHOW COLUMNS FROM `thinkphp_role` [ RunTime:0.000000s ]
SQL: SELECT `name`,`status`,`remark`,`create_time`,`update_time` FROM `thinkphp_role` WHERE ( id=1 ) LIMIT 1   [ RunTime:0.000000s ]
SQL: SHOW COLUMNS FROM `thinkphp_group` [ RunTime:0.000000s ]
SQL: SELECT `id`,`title` FROM `thinkphp_group` WHERE ( status=1 ) ORDER BY sort ASC  [ RunTime:0.000000s ]
SQL: SHOW COLUMNS FROM `thinkphp_setting` [ RunTime:0.000000s ]
ERR: 1146:Table 'thinkphp.thinkphp_setting' doesn't exist
 [ SQL语句 ] : SHOW COLUMNS FROM `thinkphp_setting`
SQL: SELECT * FROM `thinkphp_setting`  [ RunTime:0.000000s ]
ERR: 1146:Table 'thinkphp.thinkphp_setting' doesn't exist
 [ SQL语句 ] : SELECT * FROM `thinkphp_setting` 
NOTIC: [2] Invalid argument supplied for foreach() D:\xampp\htdocs\tp\admin\Lib\Action\BaseAction.class.php 第 50 行.
NOTIC: [8] Undefined variable: set D:\xampp\htdocs\tp\admin\Lib\Action\BaseAction.class.php 第 53 行.
NOTIC: [8] Undefined index: iframe D:\xampp\htdocs\tp\admin\Lib\Action\BaseAction.class.php 第 58 行.
SQL: SHOW COLUMNS FROM `thinkphp_admin` [ RunTime:0.000000s ]
SQL: SELECT `role_id` FROM `thinkphp_admin` WHERE ( id=1 ) LIMIT 1   [ RunTime:0.000000s ]
SQL: SHOW COLUMNS FROM `thinkphp_access` [ RunTime:0.015625s ]
SQL: SELECT `node_id` FROM `thinkphp_access` WHERE ( role_id=1 )  [ RunTime:0.000000s ]
SQL: SHOW COLUMNS FROM `thinkphp_node` [ RunTime:0.000000s ]
SQL: select A.id,A.action,A.action_name,A.module,A.module_name,A.data from thinkphp_node A right join thinkphp_access B ON a.id = b.node_id where A.auth_type<>2 AND A.status=1 AND A.is_show=0 AND A.group_id=8 AND  B.role_id=1 [ RunTime:0.000000s ]
INFO: [ view_parse ] --START--
INFO: ParseTemplate Behavior ::run [ RunTime:0.000000s ]
INFO: [ view_parse ] --END-- [ RunTime:0.000000s ]
INFO: [ view_filter ] --START--
INFO: ContentReplace Behavior ::run [ RunTime:0.000000s ]
INFO: TokenBuild Behavior ::run [ RunTime:0.000000s ]
INFO: WriteHtmlCache Behavior ::run [ RunTime:0.000000s ]
INFO: ShowRuntime Behavior ::run [ RunTime:0.000000s ]
INFO: [ view_filter ] --END-- [ RunTime:0.000000s ]
INFO: [ view_end ] --START--
INFO: ShowPageTrace Behavior ::run [ RunTime:0.000000s ]
INFO: [ view_end ] --END-- [ RunTime:0.000000s ]

[ 2013-11-30T18:07:14+08:00 ] 127.0.0.1 /tp/admin.php/Public/menu.html?tag=1
INFO: [ route_check ] --START--
INFO: CheckRoute Behavior ::run [ RunTime:0.000000s ]
INFO: [ route_check ] --END-- [ RunTime:0.000000s ]
INFO: [ app_begin ] --START--
INFO: ReadHtmlCache Behavior ::run [ RunTime:0.000000s ]
INFO: [ app_begin ] --END-- [ RunTime:0.000000s ]
NOTIC: [2048] Declaration of BaseAction::error() should be compatible with Action::error($message = '', $jumpUrl = '', $ajax = false) D:\xampp\htdocs\tp\admin\Lib\Action\BaseAction.class.php 第 268 行.
NOTIC: [2048] Declaration of BaseAction::success() should be compatible with Action::success($message = '', $jumpUrl = '', $ajax = false) D:\xampp\htdocs\tp\admin\Lib\Action\BaseAction.class.php 第 268 行.
SQL: SHOW COLUMNS FROM `thinkphp_role` [ RunTime:0.000000s ]
SQL: SELECT `name`,`status`,`remark`,`create_time`,`update_time` FROM `thinkphp_role` WHERE ( id=1 ) LIMIT 1   [ RunTime:0.000000s ]
SQL: SHOW COLUMNS FROM `thinkphp_group` [ RunTime:0.000000s ]
SQL: SELECT `id`,`title` FROM `thinkphp_group` WHERE ( status=1 ) ORDER BY sort ASC  [ RunTime:0.000000s ]
SQL: SHOW COLUMNS FROM `thinkphp_setting` [ RunTime:0.000000s ]
ERR: 1146:Table 'thinkphp.thinkphp_setting' doesn't exist
 [ SQL语句 ] : SHOW COLUMNS FROM `thinkphp_setting`
SQL: SELECT * FROM `thinkphp_setting`  [ RunTime:0.000000s ]
ERR: 1146:Table 'thinkphp.thinkphp_setting' doesn't exist
 [ SQL语句 ] : SELECT * FROM `thinkphp_setting` 
NOTIC: [2] Invalid argument supplied for foreach() D:\xampp\htdocs\tp\admin\Lib\Action\BaseAction.class.php 第 50 行.
NOTIC: [8] Undefined variable: set D:\xampp\htdocs\tp\admin\Lib\Action\BaseAction.class.php 第 53 行.
NOTIC: [8] Undefined index: iframe D:\xampp\htdocs\tp\admin\Lib\Action\BaseAction.class.php 第 58 行.
SQL: SHOW COLUMNS FROM `thinkphp_admin` [ RunTime:0.000000s ]
SQL: SELECT `role_id` FROM `thinkphp_admin` WHERE ( id=1 ) LIMIT 1   [ RunTime:0.000000s ]
SQL: SHOW COLUMNS FROM `thinkphp_access` [ RunTime:0.000000s ]
SQL: SELECT `node_id` FROM `thinkphp_access` WHERE ( role_id=1 )  [ RunTime:0.000000s ]
SQL: SHOW COLUMNS FROM `thinkphp_node` [ RunTime:0.000000s ]
SQL: select A.id,A.action,A.action_name,A.module,A.module_name,A.data from thinkphp_node A right join thinkphp_access B ON a.id = b.node_id where A.auth_type<>2 AND A.status=1 AND A.is_show=0 AND A.group_id=1 AND  B.role_id=1 [ RunTime:0.000000s ]
INFO: [ view_parse ] --START--
NOTIC: [8] Undefined variable: lang D:\xampp\htdocs\tp\admin\Runtime\Cache\f416cf810dea4d3f6272237cf732402f.php 第 1 行.
NOTIC: [8] Undefined variable: lang D:\xampp\htdocs\tp\admin\Runtime\Cache\f416cf810dea4d3f6272237cf732402f.php 第 1 行.
NOTIC: [8] Undefined variable: lang D:\xampp\htdocs\tp\admin\Runtime\Cache\f416cf810dea4d3f6272237cf732402f.php 第 1 行.
NOTIC: [8] Undefined variable: lang D:\xampp\htdocs\tp\admin\Runtime\Cache\f416cf810dea4d3f6272237cf732402f.php 第 1 行.
NOTIC: [8] Undefined variable: lang D:\xampp\htdocs\tp\admin\Runtime\Cache\f416cf810dea4d3f6272237cf732402f.php 第 1 行.
INFO: ParseTemplate Behavior ::run [ RunTime:0.000000s ]
INFO: [ view_parse ] --END-- [ RunTime:0.000000s ]
INFO: [ view_filter ] --START--
INFO: ContentReplace Behavior ::run [ RunTime:0.000000s ]
INFO: TokenBuild Behavior ::run [ RunTime:0.000000s ]
INFO: WriteHtmlCache Behavior ::run [ RunTime:0.000000s ]
INFO: ShowRuntime Behavior ::run [ RunTime:0.015625s ]
INFO: [ view_filter ] --END-- [ RunTime:0.015625s ]
INFO: [ view_end ] --START--
INFO: ShowPageTrace Behavior ::run [ RunTime:0.000000s ]
INFO: [ view_end ] --END-- [ RunTime:0.000000s ]

[ 2013-11-30T18:07:14+08:00 ] 127.0.0.1 /tp/admin.php/Index/current_pos.html?tag=1
INFO: [ route_check ] --START--
INFO: CheckRoute Behavior ::run [ RunTime:0.000000s ]
INFO: [ route_check ] --END-- [ RunTime:0.000000s ]
INFO: [ app_begin ] --START--
INFO: ReadHtmlCache Behavior ::run [ RunTime:0.000000s ]
INFO: [ app_begin ] --END-- [ RunTime:0.000000s ]
NOTIC: [2048] Declaration of BaseAction::error() should be compatible with Action::error($message = '', $jumpUrl = '', $ajax = false) D:\xampp\htdocs\tp\admin\Lib\Action\BaseAction.class.php 第 268 行.
NOTIC: [2048] Declaration of BaseAction::success() should be compatible with Action::success($message = '', $jumpUrl = '', $ajax = false) D:\xampp\htdocs\tp\admin\Lib\Action\BaseAction.class.php 第 268 行.
SQL: SHOW COLUMNS FROM `thinkphp_role` [ RunTime:0.015625s ]
SQL: SELECT `name`,`status`,`remark`,`create_time`,`update_time` FROM `thinkphp_role` WHERE ( id=1 ) LIMIT 1   [ RunTime:0.000000s ]
SQL: SHOW COLUMNS FROM `thinkphp_group` [ RunTime:0.000000s ]
SQL: SELECT `id`,`title` FROM `thinkphp_group` WHERE ( status=1 ) ORDER BY sort ASC  [ RunTime:0.000000s ]
SQL: SHOW COLUMNS FROM `thinkphp_setting` [ RunTime:0.000000s ]
ERR: 1146:Table 'thinkphp.thinkphp_setting' doesn't exist
 [ SQL语句 ] : SHOW COLUMNS FROM `thinkphp_setting`
SQL: SELECT * FROM `thinkphp_setting`  [ RunTime:0.000000s ]
ERR: 1146:Table 'thinkphp.thinkphp_setting' doesn't exist
 [ SQL语句 ] : SELECT * FROM `thinkphp_setting` 
NOTIC: [2] Invalid argument supplied for foreach() D:\xampp\htdocs\tp\admin\Lib\Action\BaseAction.class.php 第 50 行.
NOTIC: [8] Undefined variable: set D:\xampp\htdocs\tp\admin\Lib\Action\BaseAction.class.php 第 53 行.
NOTIC: [8] Undefined index: iframe D:\xampp\htdocs\tp\admin\Lib\Action\BaseAction.class.php 第 58 行.
NOTIC: [8] Undefined index: menuid D:\xampp\htdocs\tp\admin\Lib\Action\IndexAction.class.php 第 21 行.
SQL: SHOW COLUMNS FROM `thinkphp_node` [ RunTime:0.000000s ]
SQL: SELECT `group_id`,`module_name`,`action_name` FROM `thinkphp_node` WHERE ( id=0 ) LIMIT 1   [ RunTime:0.000000s ]
SQL: SELECT `title` FROM `thinkphp_group` WHERE ( id=1 ) LIMIT 1   [ RunTime:0.000000s ]

[ 2013-11-30T18:07:16+08:00 ] 127.0.0.1 /tp/admin.php/Index/current_pos.html?menuid=13
INFO: [ route_check ] --START--
INFO: CheckRoute Behavior ::run [ RunTime:0.000000s ]
INFO: [ route_check ] --END-- [ RunTime:0.000000s ]
INFO: [ app_begin ] --START--
INFO: ReadHtmlCache Behavior ::run [ RunTime:0.000000s ]
INFO: [ app_begin ] --END-- [ RunTime:0.000000s ]
NOTIC: [2048] Declaration of BaseAction::error() should be compatible with Action::error($message = '', $jumpUrl = '', $ajax = false) D:\xampp\htdocs\tp\admin\Lib\Action\BaseAction.class.php 第 268 行.
NOTIC: [2048] Declaration of BaseAction::success() should be compatible with Action::success($message = '', $jumpUrl = '', $ajax = false) D:\xampp\htdocs\tp\admin\Lib\Action\BaseAction.class.php 第 268 行.
SQL: SHOW COLUMNS FROM `thinkphp_role` [ RunTime:0.000000s ]
SQL: SELECT `name`,`status`,`remark`,`create_time`,`update_time` FROM `thinkphp_role` WHERE ( id=1 ) LIMIT 1   [ RunTime:0.000000s ]
SQL: SHOW COLUMNS FROM `thinkphp_group` [ RunTime:0.000000s ]
SQL: SELECT `id`,`title` FROM `thinkphp_group` WHERE ( status=1 ) ORDER BY sort ASC  [ RunTime:0.000000s ]
SQL: SHOW COLUMNS FROM `thinkphp_setting` [ RunTime:0.000000s ]
ERR: 1146:Table 'thinkphp.thinkphp_setting' doesn't exist
 [ SQL语句 ] : SHOW COLUMNS FROM `thinkphp_setting`
SQL: SELECT * FROM `thinkphp_setting`  [ RunTime:0.000000s ]
ERR: 1146:Table 'thinkphp.thinkphp_setting' doesn't exist
 [ SQL语句 ] : SELECT * FROM `thinkphp_setting` 
NOTIC: [2] Invalid argument supplied for foreach() D:\xampp\htdocs\tp\admin\Lib\Action\BaseAction.class.php 第 50 行.
NOTIC: [8] Undefined variable: set D:\xampp\htdocs\tp\admin\Lib\Action\BaseAction.class.php 第 53 行.
NOTIC: [8] Undefined index: iframe D:\xampp\htdocs\tp\admin\Lib\Action\BaseAction.class.php 第 58 行.
NOTIC: [8] Undefined index: tag D:\xampp\htdocs\tp\admin\Lib\Action\IndexAction.class.php 第 20 行.
SQL: SHOW COLUMNS FROM `thinkphp_node` [ RunTime:0.000000s ]
SQL: SELECT `group_id`,`module_name`,`action_name` FROM `thinkphp_node` WHERE ( id=13 ) LIMIT 1   [ RunTime:0.000000s ]
SQL: SELECT `title` FROM `thinkphp_group` WHERE ( id=1 ) LIMIT 1   [ RunTime:0.000000s ]

[ 2013-11-30T18:07:16+08:00 ] 127.0.0.1 /tp/admin.php/Admin/index.html
INFO: [ route_check ] --START--
INFO: CheckRoute Behavior ::run [ RunTime:0.000000s ]
INFO: [ route_check ] --END-- [ RunTime:0.000000s ]
INFO: [ app_begin ] --START--
INFO: ReadHtmlCache Behavior ::run [ RunTime:0.000000s ]
INFO: [ app_begin ] --END-- [ RunTime:0.000000s ]
NOTIC: [2048] Declaration of BaseAction::error() should be compatible with Action::error($message = '', $jumpUrl = '', $ajax = false) D:\xampp\htdocs\tp\admin\Lib\Action\BaseAction.class.php 第 268 行.
NOTIC: [2048] Declaration of BaseAction::success() should be compatible with Action::success($message = '', $jumpUrl = '', $ajax = false) D:\xampp\htdocs\tp\admin\Lib\Action\BaseAction.class.php 第 268 行.
SQL: SHOW COLUMNS FROM `thinkphp_role` [ RunTime:0.000000s ]
SQL: SELECT `name`,`status`,`remark`,`create_time`,`update_time` FROM `thinkphp_role` WHERE ( id=1 ) LIMIT 1   [ RunTime:0.000000s ]
SQL: SHOW COLUMNS FROM `thinkphp_group` [ RunTime:0.015625s ]
SQL: SELECT `id`,`title` FROM `thinkphp_group` WHERE ( status=1 ) ORDER BY sort ASC  [ RunTime:0.000000s ]
SQL: SHOW COLUMNS FROM `thinkphp_setting` [ RunTime:0.000000s ]
ERR: 1146:Table 'thinkphp.thinkphp_setting' doesn't exist
 [ SQL语句 ] : SHOW COLUMNS FROM `thinkphp_setting`
SQL: SELECT * FROM `thinkphp_setting`  [ RunTime:0.000000s ]
ERR: 1146:Table 'thinkphp.thinkphp_setting' doesn't exist
 [ SQL语句 ] : SELECT * FROM `thinkphp_setting` 
NOTIC: [2] Invalid argument supplied for foreach() D:\xampp\htdocs\tp\admin\Lib\Action\BaseAction.class.php 第 50 行.
NOTIC: [8] Undefined variable: set D:\xampp\htdocs\tp\admin\Lib\Action\BaseAction.class.php 第 53 行.
NOTIC: [8] Undefined index: iframe D:\xampp\htdocs\tp\admin\Lib\Action\BaseAction.class.php 第 58 行.
SQL: SHOW COLUMNS FROM `thinkphp_admin` [ RunTime:0.000000s ]
SQL: SELECT COUNT(*) AS tp_count FROM `thinkphp_admin` LIMIT 1   [ RunTime:0.000000s ]
SQL: SELECT thinkphp_admin.*,thinkphp_role.name as role_name FROM `thinkphp_admin` LEFT JOIN thinkphp_role ON thinkphp_admin.role_id = thinkphp_role.id  ORDER BY thinkphp_admin.add_time DESC LIMIT 0,30   [ RunTime:0.000000s ]
INFO: [ view_parse ] --START--
NOTIC: [8] Undefined variable: sub_menu D:\xampp\htdocs\tp\admin\Runtime\Cache\bd915821e9b7612ae670e6d4e0f1b964.php 第 36 行.
INFO: ParseTemplate Behavior ::run [ RunTime:0.031250s ]
INFO: [ view_parse ] --END-- [ RunTime:0.031250s ]
INFO: [ view_filter ] --START--
INFO: ContentReplace Behavior ::run [ RunTime:0.000000s ]
INFO: TokenBuild Behavior ::run [ RunTime:0.000000s ]
INFO: WriteHtmlCache Behavior ::run [ RunTime:0.000000s ]
INFO: ShowRuntime Behavior ::run [ RunTime:0.000000s ]
INFO: [ view_filter ] --END-- [ RunTime:0.000000s ]
INFO: [ view_end ] --START--
INFO: ShowPageTrace Behavior ::run [ RunTime:0.000000s ]
INFO: [ view_end ] --END-- [ RunTime:0.000000s ]

[ 2013-11-30T18:07:20+08:00 ] 127.0.0.1 /tp/admin.php/Index/current_pos.html?menuid=129
INFO: [ route_check ] --START--
INFO: CheckRoute Behavior ::run [ RunTime:0.000000s ]
INFO: [ route_check ] --END-- [ RunTime:0.000000s ]
INFO: [ app_begin ] --START--
INFO: ReadHtmlCache Behavior ::run [ RunTime:0.000000s ]
INFO: [ app_begin ] --END-- [ RunTime:0.000000s ]
NOTIC: [2048] Declaration of BaseAction::error() should be compatible with Action::error($message = '', $jumpUrl = '', $ajax = false) D:\xampp\htdocs\tp\admin\Lib\Action\BaseAction.class.php 第 268 行.
NOTIC: [2048] Declaration of BaseAction::success() should be compatible with Action::success($message = '', $jumpUrl = '', $ajax = false) D:\xampp\htdocs\tp\admin\Lib\Action\BaseAction.class.php 第 268 行.
SQL: SHOW COLUMNS FROM `thinkphp_role` [ RunTime:0.000000s ]
SQL: SELECT `name`,`status`,`remark`,`create_time`,`update_time` FROM `thinkphp_role` WHERE ( id=1 ) LIMIT 1   [ RunTime:0.000000s ]
SQL: SHOW COLUMNS FROM `thinkphp_group` [ RunTime:0.000000s ]
SQL: SELECT `id`,`title` FROM `thinkphp_group` WHERE ( status=1 ) ORDER BY sort ASC  [ RunTime:0.000000s ]
SQL: SHOW COLUMNS FROM `thinkphp_setting` [ RunTime:0.000000s ]
ERR: 1146:Table 'thinkphp.thinkphp_setting' doesn't exist
 [ SQL语句 ] : SHOW COLUMNS FROM `thinkphp_setting`
SQL: SELECT * FROM `thinkphp_setting`  [ RunTime:0.000000s ]
ERR: 1146:Table 'thinkphp.thinkphp_setting' doesn't exist
 [ SQL语句 ] : SELECT * FROM `thinkphp_setting` 
NOTIC: [2] Invalid argument supplied for foreach() D:\xampp\htdocs\tp\admin\Lib\Action\BaseAction.class.php 第 50 行.
NOTIC: [8] Undefined variable: set D:\xampp\htdocs\tp\admin\Lib\Action\BaseAction.class.php 第 53 行.
NOTIC: [8] Undefined index: iframe D:\xampp\htdocs\tp\admin\Lib\Action\BaseAction.class.php 第 58 行.
NOTIC: [8] Undefined index: tag D:\xampp\htdocs\tp\admin\Lib\Action\IndexAction.class.php 第 20 行.
SQL: SHOW COLUMNS FROM `thinkphp_node` [ RunTime:0.000000s ]
SQL: SELECT `group_id`,`module_name`,`action_name` FROM `thinkphp_node` WHERE ( id=129 ) LIMIT 1   [ RunTime:0.000000s ]
SQL: SELECT `title` FROM `thinkphp_group` WHERE ( id=1 ) LIMIT 1   [ RunTime:0.000000s ]

[ 2013-11-30T18:07:20+08:00 ] 127.0.0.1 /tp/admin.php/Group/index.html
INFO: [ route_check ] --START--
INFO: CheckRoute Behavior ::run [ RunTime:0.015625s ]
INFO: [ route_check ] --END-- [ RunTime:0.015625s ]
INFO: [ app_begin ] --START--
INFO: ReadHtmlCache Behavior ::run [ RunTime:0.000000s ]
INFO: [ app_begin ] --END-- [ RunTime:0.000000s ]
NOTIC: [2048] Declaration of BaseAction::error() should be compatible with Action::error($message = '', $jumpUrl = '', $ajax = false) D:\xampp\htdocs\tp\admin\Lib\Action\BaseAction.class.php 第 268 行.
NOTIC: [2048] Declaration of BaseAction::success() should be compatible with Action::success($message = '', $jumpUrl = '', $ajax = false) D:\xampp\htdocs\tp\admin\Lib\Action\BaseAction.class.php 第 268 行.
SQL: SHOW COLUMNS FROM `thinkphp_role` [ RunTime:0.000000s ]
SQL: SELECT `name`,`status`,`remark`,`create_time`,`update_time` FROM `thinkphp_role` WHERE ( id=1 ) LIMIT 1   [ RunTime:0.000000s ]
SQL: SHOW COLUMNS FROM `thinkphp_group` [ RunTime:0.015625s ]
SQL: SELECT `id`,`title` FROM `thinkphp_group` WHERE ( status=1 ) ORDER BY sort ASC  [ RunTime:0.000000s ]
SQL: SHOW COLUMNS FROM `thinkphp_setting` [ RunTime:0.000000s ]
ERR: 1146:Table 'thinkphp.thinkphp_setting' doesn't exist
 [ SQL语句 ] : SHOW COLUMNS FROM `thinkphp_setting`
SQL: SELECT * FROM `thinkphp_setting`  [ RunTime:0.000000s ]
ERR: 1146:Table 'thinkphp.thinkphp_setting' doesn't exist
 [ SQL语句 ] : SELECT * FROM `thinkphp_setting` 
NOTIC: [2] Invalid argument supplied for foreach() D:\xampp\htdocs\tp\admin\Lib\Action\BaseAction.class.php 第 50 行.
NOTIC: [8] Undefined variable: set D:\xampp\htdocs\tp\admin\Lib\Action\BaseAction.class.php 第 53 行.
NOTIC: [8] Undefined index: iframe D:\xampp\htdocs\tp\admin\Lib\Action\BaseAction.class.php 第 58 行.
SQL: SHOW COLUMNS FROM `thinkphp_group` [ RunTime:0.000000s ]
SQL: SELECT * FROM `thinkphp_group` ORDER BY sort ASC  [ RunTime:0.000000s ]
INFO: [ view_parse ] --START--
NOTIC: [8] Undefined variable: sub_menu D:\xampp\htdocs\tp\admin\Runtime\Cache\fd71643a2252161f5705c744e8e70f80.php 第 36 行.
NOTIC: [8] Undefined index: user_name D:\xampp\htdocs\tp\admin\Runtime\Cache\fd71643a2252161f5705c744e8e70f80.php 第 59 行.
NOTIC: [8] Undefined index: user_name D:\xampp\htdocs\tp\admin\Runtime\Cache\fd71643a2252161f5705c744e8e70f80.php 第 59 行.
NOTIC: [8] Undefined index: user_name D:\xampp\htdocs\tp\admin\Runtime\Cache\fd71643a2252161f5705c744e8e70f80.php 第 59 行.
NOTIC: [8] Undefined index: user_name D:\xampp\htdocs\tp\admin\Runtime\Cache\fd71643a2252161f5705c744e8e70f80.php 第 59 行.
NOTIC: [8] Undefined index: user_name D:\xampp\htdocs\tp\admin\Runtime\Cache\fd71643a2252161f5705c744e8e70f80.php 第 59 行.
NOTIC: [8] Undefined variable: page D:\xampp\htdocs\tp\admin\Runtime\Cache\fd71643a2252161f5705c744e8e70f80.php 第 71 行.
INFO: ParseTemplate Behavior ::run [ RunTime:0.015625s ]
INFO: [ view_parse ] --END-- [ RunTime:0.015625s ]
INFO: [ view_filter ] --START--
INFO: ContentReplace Behavior ::run [ RunTime:0.000000s ]
INFO: TokenBuild Behavior ::run [ RunTime:0.000000s ]
INFO: WriteHtmlCache Behavior ::run [ RunTime:0.000000s ]
INFO: ShowRuntime Behavior ::run [ RunTime:0.000000s ]
INFO: [ view_filter ] --END-- [ RunTime:0.000000s ]
INFO: [ view_end ] --START--
INFO: ShowPageTrace Behavior ::run [ RunTime:0.000000s ]
INFO: [ view_end ] --END-- [ RunTime:0.000000s ]

[ 2013-11-30T18:07:23+08:00 ] 127.0.0.1 /tp/admin.php/Index/current_pos.html?tag=9
INFO: [ route_check ] --START--
INFO: CheckRoute Behavior ::run [ RunTime:0.000000s ]
INFO: [ route_check ] --END-- [ RunTime:0.000000s ]
INFO: [ app_begin ] --START--
INFO: ReadHtmlCache Behavior ::run [ RunTime:0.000000s ]
INFO: [ app_begin ] --END-- [ RunTime:0.000000s ]
NOTIC: [2048] Declaration of BaseAction::error() should be compatible with Action::error($message = '', $jumpUrl = '', $ajax = false) D:\xampp\htdocs\tp\admin\Lib\Action\BaseAction.class.php 第 268 行.
NOTIC: [2048] Declaration of BaseAction::success() should be compatible with Action::success($message = '', $jumpUrl = '', $ajax = false) D:\xampp\htdocs\tp\admin\Lib\Action\BaseAction.class.php 第 268 行.
SQL: SHOW COLUMNS FROM `thinkphp_role` [ RunTime:0.000000s ]
SQL: SELECT `name`,`status`,`remark`,`create_time`,`update_time` FROM `thinkphp_role` WHERE ( id=1 ) LIMIT 1   [ RunTime:0.000000s ]
SQL: SHOW COLUMNS FROM `thinkphp_group` [ RunTime:0.000000s ]
SQL: SELECT `id`,`title` FROM `thinkphp_group` WHERE ( status=1 ) ORDER BY sort ASC  [ RunTime:0.000000s ]
SQL: SHOW COLUMNS FROM `thinkphp_setting` [ RunTime:0.000000s ]
ERR: 1146:Table 'thinkphp.thinkphp_setting' doesn't exist
 [ SQL语句 ] : SHOW COLUMNS FROM `thinkphp_setting`
SQL: SELECT * FROM `thinkphp_setting`  [ RunTime:0.000000s ]
ERR: 1146:Table 'thinkphp.thinkphp_setting' doesn't exist
 [ SQL语句 ] : SELECT * FROM `thinkphp_setting` 
NOTIC: [2] Invalid argument supplied for foreach() D:\xampp\htdocs\tp\admin\Lib\Action\BaseAction.class.php 第 50 行.
NOTIC: [8] Undefined variable: set D:\xampp\htdocs\tp\admin\Lib\Action\BaseAction.class.php 第 53 行.
NOTIC: [8] Undefined index: iframe D:\xampp\htdocs\tp\admin\Lib\Action\BaseAction.class.php 第 58 行.
NOTIC: [8] Undefined index: menuid D:\xampp\htdocs\tp\admin\Lib\Action\IndexAction.class.php 第 21 行.
SQL: SHOW COLUMNS FROM `thinkphp_node` [ RunTime:0.000000s ]
SQL: SELECT `group_id`,`module_name`,`action_name` FROM `thinkphp_node` WHERE ( id=0 ) LIMIT 1   [ RunTime:0.000000s ]
SQL: SELECT `title` FROM `thinkphp_group` WHERE ( id=9 ) LIMIT 1   [ RunTime:0.000000s ]

[ 2013-11-30T18:07:23+08:00 ] 127.0.0.1 /tp/admin.php/Public/menu.html?tag=9
INFO: [ route_check ] --START--
INFO: CheckRoute Behavior ::run [ RunTime:0.000000s ]
INFO: [ route_check ] --END-- [ RunTime:0.000000s ]
INFO: [ app_begin ] --START--
INFO: ReadHtmlCache Behavior ::run [ RunTime:0.000000s ]
INFO: [ app_begin ] --END-- [ RunTime:0.000000s ]
NOTIC: [2048] Declaration of BaseAction::error() should be compatible with Action::error($message = '', $jumpUrl = '', $ajax = false) D:\xampp\htdocs\tp\admin\Lib\Action\BaseAction.class.php 第 268 行.
NOTIC: [2048] Declaration of BaseAction::success() should be compatible with Action::success($message = '', $jumpUrl = '', $ajax = false) D:\xampp\htdocs\tp\admin\Lib\Action\BaseAction.class.php 第 268 行.
SQL: SHOW COLUMNS FROM `thinkphp_role` [ RunTime:0.015625s ]
SQL: SELECT `name`,`status`,`remark`,`create_time`,`update_time` FROM `thinkphp_role` WHERE ( id=1 ) LIMIT 1   [ RunTime:0.000000s ]
SQL: SHOW COLUMNS FROM `thinkphp_group` [ RunTime:0.000000s ]
SQL: SELECT `id`,`title` FROM `thinkphp_group` WHERE ( status=1 ) ORDER BY sort ASC  [ RunTime:0.000000s ]
SQL: SHOW COLUMNS FROM `thinkphp_setting` [ RunTime:0.000000s ]
ERR: 1146:Table 'thinkphp.thinkphp_setting' doesn't exist
 [ SQL语句 ] : SHOW COLUMNS FROM `thinkphp_setting`
SQL: SELECT * FROM `thinkphp_setting`  [ RunTime:0.000000s ]
ERR: 1146:Table 'thinkphp.thinkphp_setting' doesn't exist
 [ SQL语句 ] : SELECT * FROM `thinkphp_setting` 
NOTIC: [2] Invalid argument supplied for foreach() D:\xampp\htdocs\tp\admin\Lib\Action\BaseAction.class.php 第 50 行.
NOTIC: [8] Undefined variable: set D:\xampp\htdocs\tp\admin\Lib\Action\BaseAction.class.php 第 53 行.
NOTIC: [8] Undefined index: iframe D:\xampp\htdocs\tp\admin\Lib\Action\BaseAction.class.php 第 58 行.
SQL: SHOW COLUMNS FROM `thinkphp_admin` [ RunTime:0.000000s ]
SQL: SELECT `role_id` FROM `thinkphp_admin` WHERE ( id=1 ) LIMIT 1   [ RunTime:0.000000s ]
SQL: SHOW COLUMNS FROM `thinkphp_access` [ RunTime:0.000000s ]
SQL: SELECT `node_id` FROM `thinkphp_access` WHERE ( role_id=1 )  [ RunTime:0.000000s ]
SQL: SHOW COLUMNS FROM `thinkphp_node` [ RunTime:0.015625s ]
SQL: select A.id,A.action,A.action_name,A.module,A.module_name,A.data from thinkphp_node A right join thinkphp_access B ON a.id = b.node_id where A.auth_type<>2 AND A.status=1 AND A.is_show=0 AND A.group_id=9 AND  B.role_id=1 [ RunTime:0.000000s ]
INFO: [ view_parse ] --START--
NOTIC: [8] Undefined variable: lang D:\xampp\htdocs\tp\admin\Runtime\Cache\f416cf810dea4d3f6272237cf732402f.php 第 1 行.
INFO: ParseTemplate Behavior ::run [ RunTime:0.000000s ]
INFO: [ view_parse ] --END-- [ RunTime:0.000000s ]
INFO: [ view_filter ] --START--
INFO: ContentReplace Behavior ::run [ RunTime:0.000000s ]
INFO: TokenBuild Behavior ::run [ RunTime:0.000000s ]
INFO: WriteHtmlCache Behavior ::run [ RunTime:0.000000s ]
INFO: ShowRuntime Behavior ::run [ RunTime:0.000000s ]
INFO: [ view_filter ] --END-- [ RunTime:0.000000s ]
INFO: [ view_end ] --START--
INFO: ShowPageTrace Behavior ::run [ RunTime:0.000000s ]
INFO: [ view_end ] --END-- [ RunTime:0.000000s ]

[ 2013-11-30T18:07:24+08:00 ] 127.0.0.1 /tp/admin.php/Public/main.html
INFO: [ route_check ] --START--
INFO: CheckRoute Behavior ::run [ RunTime:0.000000s ]
INFO: [ route_check ] --END-- [ RunTime:0.000000s ]
INFO: [ app_begin ] --START--
INFO: ReadHtmlCache Behavior ::run [ RunTime:0.000000s ]
INFO: [ app_begin ] --END-- [ RunTime:0.000000s ]
NOTIC: [2048] Declaration of BaseAction::error() should be compatible with Action::error($message = '', $jumpUrl = '', $ajax = false) D:\xampp\htdocs\tp\admin\Lib\Action\BaseAction.class.php 第 268 行.
NOTIC: [2048] Declaration of BaseAction::success() should be compatible with Action::success($message = '', $jumpUrl = '', $ajax = false) D:\xampp\htdocs\tp\admin\Lib\Action\BaseAction.class.php 第 268 行.
SQL: SHOW COLUMNS FROM `thinkphp_role` [ RunTime:0.000000s ]
SQL: SELECT `name`,`status`,`remark`,`create_time`,`update_time` FROM `thinkphp_role` WHERE ( id=1 ) LIMIT 1   [ RunTime:0.000000s ]
SQL: SHOW COLUMNS FROM `thinkphp_group` [ RunTime:0.015625s ]
SQL: SELECT `id`,`title` FROM `thinkphp_group` WHERE ( status=1 ) ORDER BY sort ASC  [ RunTime:0.000000s ]
SQL: SHOW COLUMNS FROM `thinkphp_setting` [ RunTime:0.000000s ]
ERR: 1146:Table 'thinkphp.thinkphp_setting' doesn't exist
 [ SQL语句 ] : SHOW COLUMNS FROM `thinkphp_setting`
SQL: SELECT * FROM `thinkphp_setting`  [ RunTime:0.000000s ]
ERR: 1146:Table 'thinkphp.thinkphp_setting' doesn't exist
 [ SQL语句 ] : SELECT * FROM `thinkphp_setting` 
NOTIC: [2] Invalid argument supplied for foreach() D:\xampp\htdocs\tp\admin\Lib\Action\BaseAction.class.php 第 50 行.
NOTIC: [8] Undefined variable: set D:\xampp\htdocs\tp\admin\Lib\Action\BaseAction.class.php 第 53 行.
NOTIC: [8] Undefined index: iframe D:\xampp\htdocs\tp\admin\Lib\Action\BaseAction.class.php 第 58 行.
NOTIC: [8] Use of undefined constant ROOT_PATH - assumed 'ROOT_PATH' D:\xampp\htdocs\tp\admin\Lib\Action\PublicAction.class.php 第 69 行.
NOTIC: [8] Use of undefined constant NOW_VERSION - assumed 'NOW_VERSION' D:\xampp\htdocs\tp\admin\Lib\Action\PublicAction.class.php 第 84 行.
INFO: [ view_parse ] --START--
NOTIC: [8] Undefined variable: sub_menu D:\xampp\htdocs\tp\admin\Runtime\Cache\6e0a2ffbae5fbbcd23e7c3063df8e324.php 第 36 行.
NOTIC: [8] Undefined variable: big_menu D:\xampp\htdocs\tp\admin\Runtime\Cache\6e0a2ffbae5fbbcd23e7c3063df8e324.php 第 36 行.
INFO: ParseTemplate Behavior ::run [ RunTime:0.000000s ]
INFO: [ view_parse ] --END-- [ RunTime:0.000000s ]
INFO: [ view_filter ] --START--
INFO: ContentReplace Behavior ::run [ RunTime:0.000000s ]
INFO: TokenBuild Behavior ::run [ RunTime:0.000000s ]
INFO: WriteHtmlCache Behavior ::run [ RunTime:0.000000s ]
INFO: ShowRuntime Behavior ::run [ RunTime:0.015625s ]
INFO: [ view_filter ] --END-- [ RunTime:0.015625s ]
INFO: [ view_end ] --START--
INFO: ShowPageTrace Behavior ::run [ RunTime:0.000000s ]
INFO: [ view_end ] --END-- [ RunTime:0.000000s ]

[ 2013-11-30T18:07:24+08:00 ] 127.0.0.1 /tp/admin.php/Index/current_pos.html?menuid=127
INFO: [ route_check ] --START--
INFO: CheckRoute Behavior ::run [ RunTime:0.000000s ]
INFO: [ route_check ] --END-- [ RunTime:0.000000s ]
INFO: [ app_begin ] --START--
INFO: ReadHtmlCache Behavior ::run [ RunTime:0.000000s ]
INFO: [ app_begin ] --END-- [ RunTime:0.015625s ]
NOTIC: [2048] Declaration of BaseAction::error() should be compatible with Action::error($message = '', $jumpUrl = '', $ajax = false) D:\xampp\htdocs\tp\admin\Lib\Action\BaseAction.class.php 第 268 行.
NOTIC: [2048] Declaration of BaseAction::success() should be compatible with Action::success($message = '', $jumpUrl = '', $ajax = false) D:\xampp\htdocs\tp\admin\Lib\Action\BaseAction.class.php 第 268 行.
SQL: SHOW COLUMNS FROM `thinkphp_role` [ RunTime:0.015625s ]
SQL: SELECT `name`,`status`,`remark`,`create_time`,`update_time` FROM `thinkphp_role` WHERE ( id=1 ) LIMIT 1   [ RunTime:0.000000s ]
SQL: SHOW COLUMNS FROM `thinkphp_group` [ RunTime:0.015625s ]
SQL: SELECT `id`,`title` FROM `thinkphp_group` WHERE ( status=1 ) ORDER BY sort ASC  [ RunTime:0.000000s ]
SQL: SHOW COLUMNS FROM `thinkphp_setting` [ RunTime:0.000000s ]
ERR: 1146:Table 'thinkphp.thinkphp_setting' doesn't exist
 [ SQL语句 ] : SHOW COLUMNS FROM `thinkphp_setting`
SQL: SELECT * FROM `thinkphp_setting`  [ RunTime:0.000000s ]
ERR: 1146:Table 'thinkphp.thinkphp_setting' doesn't exist
 [ SQL语句 ] : SELECT * FROM `thinkphp_setting` 
NOTIC: [2] Invalid argument supplied for foreach() D:\xampp\htdocs\tp\admin\Lib\Action\BaseAction.class.php 第 50 行.
NOTIC: [8] Undefined variable: set D:\xampp\htdocs\tp\admin\Lib\Action\BaseAction.class.php 第 53 行.
NOTIC: [8] Undefined index: iframe D:\xampp\htdocs\tp\admin\Lib\Action\BaseAction.class.php 第 58 行.
NOTIC: [8] Undefined index: tag D:\xampp\htdocs\tp\admin\Lib\Action\IndexAction.class.php 第 20 行.
SQL: SHOW COLUMNS FROM `thinkphp_node` [ RunTime:0.000000s ]
SQL: SELECT `group_id`,`module_name`,`action_name` FROM `thinkphp_node` WHERE ( id=127 ) LIMIT 1   [ RunTime:0.000000s ]
SQL: SELECT `title` FROM `thinkphp_group` WHERE ( id=9 ) LIMIT 1   [ RunTime:0.000000s ]

[ 2013-11-30T18:07:25+08:00 ] 127.0.0.1 /tp/admin.php/Index/current_pos.html?tag=4
INFO: [ route_check ] --START--
INFO: CheckRoute Behavior ::run [ RunTime:0.015625s ]
INFO: [ route_check ] --END-- [ RunTime:0.015625s ]
INFO: [ app_begin ] --START--
INFO: ReadHtmlCache Behavior ::run [ RunTime:0.000000s ]
INFO: [ app_begin ] --END-- [ RunTime:0.000000s ]
NOTIC: [2048] Declaration of BaseAction::error() should be compatible with Action::error($message = '', $jumpUrl = '', $ajax = false) D:\xampp\htdocs\tp\admin\Lib\Action\BaseAction.class.php 第 268 行.
NOTIC: [2048] Declaration of BaseAction::success() should be compatible with Action::success($message = '', $jumpUrl = '', $ajax = false) D:\xampp\htdocs\tp\admin\Lib\Action\BaseAction.class.php 第 268 行.
SQL: SHOW COLUMNS FROM `thinkphp_role` [ RunTime:0.015625s ]
SQL: SELECT `name`,`status`,`remark`,`create_time`,`update_time` FROM `thinkphp_role` WHERE ( id=1 ) LIMIT 1   [ RunTime:0.000000s ]
SQL: SHOW COLUMNS FROM `thinkphp_group` [ RunTime:0.000000s ]
SQL: SELECT `id`,`title` FROM `thinkphp_group` WHERE ( status=1 ) ORDER BY sort ASC  [ RunTime:0.000000s ]
SQL: SHOW COLUMNS FROM `thinkphp_setting` [ RunTime:0.000000s ]
ERR: 1146:Table 'thinkphp.thinkphp_setting' doesn't exist
 [ SQL语句 ] : SHOW COLUMNS FROM `thinkphp_setting`
SQL: SELECT * FROM `thinkphp_setting`  [ RunTime:0.000000s ]
ERR: 1146:Table 'thinkphp.thinkphp_setting' doesn't exist
 [ SQL语句 ] : SELECT * FROM `thinkphp_setting` 
NOTIC: [2] Invalid argument supplied for foreach() D:\xampp\htdocs\tp\admin\Lib\Action\BaseAction.class.php 第 50 行.
NOTIC: [8] Undefined variable: set D:\xampp\htdocs\tp\admin\Lib\Action\BaseAction.class.php 第 53 行.
NOTIC: [8] Undefined index: iframe D:\xampp\htdocs\tp\admin\Lib\Action\BaseAction.class.php 第 58 行.
NOTIC: [8] Undefined index: menuid D:\xampp\htdocs\tp\admin\Lib\Action\IndexAction.class.php 第 21 行.
SQL: SHOW COLUMNS FROM `thinkphp_node` [ RunTime:0.000000s ]
SQL: SELECT `group_id`,`module_name`,`action_name` FROM `thinkphp_node` WHERE ( id=0 ) LIMIT 1   [ RunTime:0.000000s ]
SQL: SELECT `title` FROM `thinkphp_group` WHERE ( id=4 ) LIMIT 1   [ RunTime:0.000000s ]

[ 2013-11-30T18:07:25+08:00 ] 127.0.0.1 /tp/admin.php/Public/menu.html?tag=4
INFO: [ route_check ] --START--
INFO: CheckRoute Behavior ::run [ RunTime:0.015625s ]
INFO: [ route_check ] --END-- [ RunTime:0.015625s ]
INFO: [ app_begin ] --START--
INFO: ReadHtmlCache Behavior ::run [ RunTime:0.000000s ]
INFO: [ app_begin ] --END-- [ RunTime:0.000000s ]
NOTIC: [2048] Declaration of BaseAction::error() should be compatible with Action::error($message = '', $jumpUrl = '', $ajax = false) D:\xampp\htdocs\tp\admin\Lib\Action\BaseAction.class.php 第 268 行.
NOTIC: [2048] Declaration of BaseAction::success() should be compatible with Action::success($message = '', $jumpUrl = '', $ajax = false) D:\xampp\htdocs\tp\admin\Lib\Action\BaseAction.class.php 第 268 行.
SQL: SHOW COLUMNS FROM `thinkphp_role` [ RunTime:0.000000s ]
SQL: SELECT `name`,`status`,`remark`,`create_time`,`update_time` FROM `thinkphp_role` WHERE ( id=1 ) LIMIT 1   [ RunTime:0.000000s ]
SQL: SHOW COLUMNS FROM `thinkphp_group` [ RunTime:0.015625s ]
SQL: SELECT `id`,`title` FROM `thinkphp_group` WHERE ( status=1 ) ORDER BY sort ASC  [ RunTime:0.000000s ]
SQL: SHOW COLUMNS FROM `thinkphp_setting` [ RunTime:0.000000s ]
ERR: 1146:Table 'thinkphp.thinkphp_setting' doesn't exist
 [ SQL语句 ] : SHOW COLUMNS FROM `thinkphp_setting`
SQL: SELECT * FROM `thinkphp_setting`  [ RunTime:0.000000s ]
ERR: 1146:Table 'thinkphp.thinkphp_setting' doesn't exist
 [ SQL语句 ] : SELECT * FROM `thinkphp_setting` 
NOTIC: [2] Invalid argument supplied for foreach() D:\xampp\htdocs\tp\admin\Lib\Action\BaseAction.class.php 第 50 行.
NOTIC: [8] Undefined variable: set D:\xampp\htdocs\tp\admin\Lib\Action\BaseAction.class.php 第 53 行.
NOTIC: [8] Undefined index: iframe D:\xampp\htdocs\tp\admin\Lib\Action\BaseAction.class.php 第 58 行.
SQL: SHOW COLUMNS FROM `thinkphp_admin` [ RunTime:0.000000s ]
SQL: SELECT `role_id` FROM `thinkphp_admin` WHERE ( id=1 ) LIMIT 1   [ RunTime:0.000000s ]
SQL: SHOW COLUMNS FROM `thinkphp_access` [ RunTime:0.000000s ]
SQL: SELECT `node_id` FROM `thinkphp_access` WHERE ( role_id=1 )  [ RunTime:0.000000s ]
SQL: SHOW COLUMNS FROM `thinkphp_node` [ RunTime:0.015625s ]
SQL: select A.id,A.action,A.action_name,A.module,A.module_name,A.data from thinkphp_node A right join thinkphp_access B ON a.id = b.node_id where A.auth_type<>2 AND A.status=1 AND A.is_show=0 AND A.group_id=4 AND  B.role_id=1 [ RunTime:0.000000s ]
INFO: [ view_parse ] --START--
NOTIC: [8] Undefined variable: lang D:\xampp\htdocs\tp\admin\Runtime\Cache\f416cf810dea4d3f6272237cf732402f.php 第 1 行.
NOTIC: [8] Undefined variable: lang D:\xampp\htdocs\tp\admin\Runtime\Cache\f416cf810dea4d3f6272237cf732402f.php 第 1 行.
NOTIC: [8] Undefined variable: lang D:\xampp\htdocs\tp\admin\Runtime\Cache\f416cf810dea4d3f6272237cf732402f.php 第 1 行.
INFO: ParseTemplate Behavior ::run [ RunTime:0.000000s ]
INFO: [ view_parse ] --END-- [ RunTime:0.000000s ]
INFO: [ view_filter ] --START--
INFO: ContentReplace Behavior ::run [ RunTime:0.000000s ]
INFO: TokenBuild Behavior ::run [ RunTime:0.000000s ]
INFO: WriteHtmlCache Behavior ::run [ RunTime:0.000000s ]
INFO: ShowRuntime Behavior ::run [ RunTime:0.000000s ]
INFO: [ view_filter ] --END-- [ RunTime:0.000000s ]
INFO: [ view_end ] --START--
INFO: ShowPageTrace Behavior ::run [ RunTime:0.000000s ]
INFO: [ view_end ] --END-- [ RunTime:0.000000s ]

[ 2013-11-30T18:07:25+08:00 ] 127.0.0.1 /tp/admin.php/Index/current_pos.html?menuid=122
INFO: [ route_check ] --START--
INFO: CheckRoute Behavior ::run [ RunTime:0.000000s ]
INFO: [ route_check ] --END-- [ RunTime:0.000000s ]
INFO: [ app_begin ] --START--
INFO: ReadHtmlCache Behavior ::run [ RunTime:0.000000s ]
INFO: [ app_begin ] --END-- [ RunTime:0.000000s ]
NOTIC: [2048] Declaration of BaseAction::error() should be compatible with Action::error($message = '', $jumpUrl = '', $ajax = false) D:\xampp\htdocs\tp\admin\Lib\Action\BaseAction.class.php 第 268 行.
NOTIC: [2048] Declaration of BaseAction::success() should be compatible with Action::success($message = '', $jumpUrl = '', $ajax = false) D:\xampp\htdocs\tp\admin\Lib\Action\BaseAction.class.php 第 268 行.
SQL: SHOW COLUMNS FROM `thinkphp_role` [ RunTime:0.015625s ]
SQL: SELECT `name`,`status`,`remark`,`create_time`,`update_time` FROM `thinkphp_role` WHERE ( id=1 ) LIMIT 1   [ RunTime:0.000000s ]
SQL: SHOW COLUMNS FROM `thinkphp_group` [ RunTime:0.000000s ]
SQL: SELECT `id`,`title` FROM `thinkphp_group` WHERE ( status=1 ) ORDER BY sort ASC  [ RunTime:0.000000s ]
SQL: SHOW COLUMNS FROM `thinkphp_setting` [ RunTime:0.000000s ]
ERR: 1146:Table 'thinkphp.thinkphp_setting' doesn't exist
 [ SQL语句 ] : SHOW COLUMNS FROM `thinkphp_setting`
SQL: SELECT * FROM `thinkphp_setting`  [ RunTime:0.000000s ]
ERR: 1146:Table 'thinkphp.thinkphp_setting' doesn't exist
 [ SQL语句 ] : SELECT * FROM `thinkphp_setting` 
NOTIC: [2] Invalid argument supplied for foreach() D:\xampp\htdocs\tp\admin\Lib\Action\BaseAction.class.php 第 50 行.
NOTIC: [8] Undefined variable: set D:\xampp\htdocs\tp\admin\Lib\Action\BaseAction.class.php 第 53 行.
NOTIC: [8] Undefined index: iframe D:\xampp\htdocs\tp\admin\Lib\Action\BaseAction.class.php 第 58 行.
NOTIC: [8] Undefined index: tag D:\xampp\htdocs\tp\admin\Lib\Action\IndexAction.class.php 第 20 行.
SQL: SHOW COLUMNS FROM `thinkphp_node` [ RunTime:0.000000s ]
SQL: SELECT `group_id`,`module_name`,`action_name` FROM `thinkphp_node` WHERE ( id=122 ) LIMIT 1   [ RunTime:0.000000s ]
SQL: SELECT `title` FROM `thinkphp_group` WHERE ( id=4 ) LIMIT 1   [ RunTime:0.000000s ]

[ 2013-11-30T18:07:25+08:00 ] 127.0.0.1 /tp/admin.php/Nav/index.html
INFO: [ route_check ] --START--
INFO: CheckRoute Behavior ::run [ RunTime:0.000000s ]
INFO: [ route_check ] --END-- [ RunTime:0.000000s ]
INFO: [ app_begin ] --START--
INFO: ReadHtmlCache Behavior ::run [ RunTime:0.000000s ]
INFO: [ app_begin ] --END-- [ RunTime:0.000000s ]
ERR: 无法加载模块:Nav

[ 2013-11-30T18:07:26+08:00 ] 127.0.0.1 /tp/admin.php/Index/current_pos.html?menuid=107
INFO: [ route_check ] --START--
INFO: CheckRoute Behavior ::run [ RunTime:0.000000s ]
INFO: [ route_check ] --END-- [ RunTime:0.000000s ]
INFO: [ app_begin ] --START--
INFO: ReadHtmlCache Behavior ::run [ RunTime:0.000000s ]
INFO: [ app_begin ] --END-- [ RunTime:0.000000s ]
NOTIC: [2048] Declaration of BaseAction::error() should be compatible with Action::error($message = '', $jumpUrl = '', $ajax = false) D:\xampp\htdocs\tp\admin\Lib\Action\BaseAction.class.php 第 268 行.
NOTIC: [2048] Declaration of BaseAction::success() should be compatible with Action::success($message = '', $jumpUrl = '', $ajax = false) D:\xampp\htdocs\tp\admin\Lib\Action\BaseAction.class.php 第 268 行.
SQL: SHOW COLUMNS FROM `thinkphp_role` [ RunTime:0.000000s ]
SQL: SELECT `name`,`status`,`remark`,`create_time`,`update_time` FROM `thinkphp_role` WHERE ( id=1 ) LIMIT 1   [ RunTime:0.000000s ]
SQL: SHOW COLUMNS FROM `thinkphp_group` [ RunTime:0.015625s ]
SQL: SELECT `id`,`title` FROM `thinkphp_group` WHERE ( status=1 ) ORDER BY sort ASC  [ RunTime:0.000000s ]
SQL: SHOW COLUMNS FROM `thinkphp_setting` [ RunTime:0.000000s ]
ERR: 1146:Table 'thinkphp.thinkphp_setting' doesn't exist
 [ SQL语句 ] : SHOW COLUMNS FROM `thinkphp_setting`
SQL: SELECT * FROM `thinkphp_setting`  [ RunTime:0.000000s ]
ERR: 1146:Table 'thinkphp.thinkphp_setting' doesn't exist
 [ SQL语句 ] : SELECT * FROM `thinkphp_setting` 
NOTIC: [2] Invalid argument supplied for foreach() D:\xampp\htdocs\tp\admin\Lib\Action\BaseAction.class.php 第 50 行.
NOTIC: [8] Undefined variable: set D:\xampp\htdocs\tp\admin\Lib\Action\BaseAction.class.php 第 53 行.
NOTIC: [8] Undefined index: iframe D:\xampp\htdocs\tp\admin\Lib\Action\BaseAction.class.php 第 58 行.
NOTIC: [8] Undefined index: tag D:\xampp\htdocs\tp\admin\Lib\Action\IndexAction.class.php 第 20 行.
SQL: SHOW COLUMNS FROM `thinkphp_node` [ RunTime:0.000000s ]
SQL: SELECT `group_id`,`module_name`,`action_name` FROM `thinkphp_node` WHERE ( id=107 ) LIMIT 1   [ RunTime:0.000000s ]
SQL: SELECT `title` FROM `thinkphp_group` WHERE ( id=4 ) LIMIT 1   [ RunTime:0.000000s ]

[ 2013-11-30T18:07:26+08:00 ] 127.0.0.1 /tp/admin.php/ArticleCate/index.html
INFO: [ route_check ] --START--
INFO: CheckRoute Behavior ::run [ RunTime:0.000000s ]
INFO: [ route_check ] --END-- [ RunTime:0.000000s ]
INFO: [ app_begin ] --START--
INFO: ReadHtmlCache Behavior ::run [ RunTime:0.000000s ]
INFO: [ app_begin ] --END-- [ RunTime:0.000000s ]
ERR: 无法加载模块:ArticleCate

